"../../../../Projects/MAZED/Content/Maps/6__BuiltData.uasset" 0
"../../../../Projects/MAZED/Content/Assets/WorldCollection.uasset" 1
"../../../../Projects/MAZED/Content/ScanFunction.uasset" 2
"../../../../Projects/MAZED/Content/Screenshot_Blueprint.uasset" 3
"../../../Engine/Content/Functions/Engine_MaterialFunctions02/Texturing/CustomRotator.uasset" 4
"../../../../Projects/MAZED/Content/AdvancedDissolveFX/MaterialParameterCollections/MPC_Spherical_dissolve.uasset" 5
"../../../../Projects/MAZED/Content/AdvancedDissolveFX/Textures/Dissolve_border_gradient_01.uasset" 6
"../../../../Projects/MAZED/Content/AdvancedDissolveFX/Textures/Dissolve_masks_01.uasset" 7
"../../../../Projects/MAZED/Content/AdvancedDissolveFX/MaterialFunctions/MF_Spherical_dissolve.uasset" 8
"../../../../Projects/MAZED/Content/AdvancedDissolveFX/Textures/checker.uasset" 9
"../../../../Projects/MAZED/Content/AdvancedDissolveFX/Materials/M_Spherical_dissolve_Base.uasset" 10
"../../../../Projects/MAZED/Content/Assets/Cracks.uasset" 11
"../../../../Projects/MAZED/Content/GlowMaterialFuction.uasset" 12
"../../../../Projects/MAZED/Content/Assets/RippleTest.uasset" 13
"../../../../Projects/MAZED/Content/Assets/Digital_Inst.uasset" 14
"../../../../Projects/MAZED/Content/Assets/FloatingPlane1.uasset" 15
"../../../../Projects/MAZED/Content/Assets/LevelBuilder/Floor/Floor_Mat.uasset" 16
"../../../../Projects/MAZED/Content/Assets/Lock_Icosphere.uasset" 17
"../../../../Projects/MAZED/Content/Assets/Lock_Lock_2.uasset" 18
"../../../Engine/Content/Functions/Engine_MaterialFunctions02/Utility/MakeFloat3.uasset" 19
"../../../../Projects/MAZED/Content/Assets/PostProcess.uasset" 20
"../../../Engine/Content/Functions/Engine_MaterialFunctions03/ComplexMotion/Motion_4WayChaos.uasset" 21
"../../../../Projects/MAZED/Content/Assets/Noise.uasset" 22
"../../../../Projects/MAZED/Content/Assets/Warp.uasset" 23
"../../../Engine/Content/Functions/Engine_MaterialFunctions01/Opacity/CameraDepthFade.uasset" 24
"../../../Engine/Content/EngineMaterials/T_Default_Material_Grid_M.uasset" 25
"../../../Engine/Content/EngineMaterials/T_Default_Material_Grid_N.uasset" 26
"../../../Engine/Content/EngineMaterials/DefaultMaterial.uasset" 27
"../../../Engine/Content/BasicShapes/Sphere.uasset" 28
"../../../../Projects/MAZED/Content/Assets/WarpBP.uasset" 29
"../../../../Projects/MAZED/Content/Assets/LevelBuilder_Red/NotForUseInLevel/RedProjectile.uasset" 30
"../../../../Projects/MAZED/Content/Assets/ProjectileBP_Red.uasset" 31
"../../../../Projects/MAZED/Content/Assets/Stairs_Stright.uasset" 32
"../../../../Projects/MAZED/Content/Assets/AssetSounds/Hum.uasset" 33
"../../../../Projects/MAZED/Content/Assets/AssetSounds/Hum_Cue.uasset" 34
"../../../../Projects/MAZED/Content/Assets/Door/Door_PhysicsAsset.uasset" 35
"../../../../Projects/MAZED/Content/Assets/Door/Door_Skeleton.uasset" 36
"../../../../Projects/MAZED/Content/Assets/Door/Door.uasset" 37
"../../../../Projects/MAZED/Content/Assets/Door/Door_Anim.uasset" 38
"../../../../Projects/MAZED/Content/Assets/Door/Wall.uasset" 39
"../../../../Projects/MAZED/Content/Assets/Door/Lock2/Door_Lock2_PhysicsAsset.uasset" 40
"../../../../Projects/MAZED/Content/Assets/Door/Lock2/Door_Lock2_Skeleton.uasset" 41
"../../../../Projects/MAZED/Content/Assets/Door/Lock2/Door_Lock2.uasset" 42
"../../../../Projects/MAZED/Content/Assets/Door/Lock3/Door_Lock3_PhysicsAsset.uasset" 43
"../../../../Projects/MAZED/Content/Assets/Door/Lock3/Door_Lock3_Skeleton.uasset" 44
"../../../../Projects/MAZED/Content/Assets/Door/Lock3/Door_Lock3.uasset" 45
"../../../../Projects/MAZED/Content/Assets/Door/Lock3/Door_Lock3_Anim.uasset" 46
"../../../../Projects/MAZED/Content/Assets/FallingPlatforms/500x500_FallingPlatform_Skeleton.uasset" 47
"../../../../Projects/MAZED/Content/Assets/FallingPlatforms/Triangle_FallingPlatform_PhysicsAsset.uasset" 48
"../../../../Projects/MAZED/Content/Assets/FallingPlatforms/Triangle_FallingPlatform.uasset" 49
"../../../../Projects/MAZED/Content/Assets/FallingPlatforms/Triangle_FallingPlatform_Anim.uasset" 50
"../../../../Projects/MAZED/Content/Assets/FloatingFloor/FloatingPlane_Object001.uasset" 51
"../../../../Projects/MAZED/Content/Assets/FloatingFloor/FloatingPlane_Object002.uasset" 52
"../../../../Projects/MAZED/Content/Assets/FloatingFloor/FloatingPlane_Object003.uasset" 53
"../../../../Projects/MAZED/Content/Assets/FloatingFloor/FloatingPlane_Object004.uasset" 54
"../../../../Projects/MAZED/Content/Assets/Hospital/Curtains/35Curtain_New_Curtains_BaseColor.uasset" 55
"../../../../Projects/MAZED/Content/Assets/Hospital/Curtains/35Curtain_New_Curtains_Normal.uasset" 56
"../../../../Projects/MAZED/Content/Assets/Hospital/Curtains/35Curtain_New_Curtains_OcclusionRoughnessMetallic.uasset" 57
"../../../../Projects/MAZED/Content/Assets/Hospital/Curtains/Mat_Curtains.uasset" 58
"../../../../Projects/MAZED/Content/Assets/Hospital/Curtains/100Curtain_New.uasset" 59
"../../../../Projects/MAZED/Content/Assets/Hospital/Curtains/50Curtain_New.uasset" 60
"../../../../Projects/MAZED/Content/Assets/Hospital/HeartRate_Monitor/HeartRateMonitor_HRM_Screen_BaseColor.uasset" 61
"../../../../Projects/MAZED/Content/Assets/Hospital/HeartRate_Monitor/HeartRateMonitor_HRM_Screen_Normal.uasset" 62
"../../../../Projects/MAZED/Content/Assets/Hospital/HeartRate_Monitor/HeartRateMonitor_HRM_Screen_OcclusionRoughnessMetallic.uasset" 63
"../../../Engine/Content/EngineMaterials/WorldGridMaterial.uasset" 64
"../../../../Projects/MAZED/Content/Assets/Hospital/Roofing/Roof_Bent_Free.uasset" 65
"../../../../Projects/MAZED/Content/Assets/Hospital/Roofing/Roof_Flat_Free.uasset" 66
"../../../../Projects/MAZED/Content/Assets/Hospital/Scene/Above_bed_Equipment.uasset" 67
"../../../../Projects/MAZED/Content/Assets/Hospital/Scene/SM_Old_Bed_Frame.uasset" 68
"../../../../Projects/MAZED/Content/Assets/Hospital/Scene/Bed_Foot_Table.uasset" 69
"../../../../Projects/MAZED/Content/Assets/Hospital/Scene/bed_Lamp.uasset" 70
"../../../../Projects/MAZED/Content/Assets/Hospital/Scene/hospital_drop_down_lamp.uasset" 71
"../../../../Projects/MAZED/Content/Assets/Hospital/Scene/Material__0.uasset" 72
"../../../../Projects/MAZED/Content/Assets/Hospital/Scene/SM_Hospital_Lamp1.uasset" 73
"../../../../Projects/MAZED/Content/Assets/Hospital/Scene/SM_Hospital_Lamp.uasset" 74
"../../../../Projects/MAZED/Content/Assets/Hospital/Scene/Varse.uasset" 75
"../../../../Projects/MAZED/Content/Assets/FallingPlatforms/250x250_FallingPlatform_Skeleton.uasset" 76
"../../../../Projects/MAZED/Content/Assets/FallingPlatforms/250x250_FallingPlatform_Anim.uasset" 77
"../../../../Projects/MAZED/Content/Assets/FallingPlatforms/250x250_FallingPlatform_PhysicsAsset.uasset" 78
"../../../../Projects/MAZED/Content/Assets/FallingPlatforms/250x250_FallingPlatform.uasset" 79
"../../../../Projects/MAZED/Content/Assets/LevelBuilder/FallingFloor250.uasset" 80
"../../../../Projects/MAZED/Content/Assets/FallingPlatforms/500x500_FallingPlatform_Anim.uasset" 81
"../../../../Projects/MAZED/Content/Assets/FallingPlatforms/500x500_FallingPlatform_PhysicsAsset.uasset" 82
"../../../../Projects/MAZED/Content/Assets/FallingPlatforms/500x500_FallingPlatform.uasset" 83
"../../../../Projects/MAZED/Content/Assets/LevelBuilder/FallingFloor500.uasset" 84
"../../../../Projects/MAZED/Content/Assets/Projectile.uasset" 85
"../../../../Projects/MAZED/Content/Assets/ProjectileBP.uasset" 86
"../../../Engine/Content/EditorBlueprintResources/ActorMacros.uasset" 87
"../../../Engine/Content/EditorBlueprintResources/StandardMacros.uasset" 88
"../../../Engine/Content/Functions/Engine_MaterialFunctions02/Utility/BreakOutFloat2Components.uasset" 89
"../../../../Projects/MAZED/Content/AdvancedDissolveFX/Materials/M_Helper_sphere.uasset" 90
"../../../../Projects/MAZED/Content/AdvancedDissolveFX/Materials/M_Helper_sphere_Inst.uasset" 91
"../../../../Projects/MAZED/Content/AdvancedDissolveFX/Meshes/SM_Sphere_50.uasset" 92
"../../../../Projects/MAZED/Content/AdvancedDissolveFX/Blueprints/BP_Spherical_dissolve_helper.uasset" 93
"../../../../Projects/MAZED/Content/Assets/AssetSounds/crack-bassDone.uasset" 94
"../../../../Projects/MAZED/Content/Assets/Misc/Collectable/Collectable_Animation_Skeleton.uasset" 95
"../../../../Projects/MAZED/Content/Assets/Misc/Collectable/Collectable_Animation_Anim.uasset" 96
"../../../../Projects/MAZED/Content/EasySave/mySaver.uasset" 97
"../../../../Projects/MAZED/Content/EasySave/easySave.uasset" 98
"../../../../Projects/MAZED/Content/EasySave/savedTypes.uasset" 99
"../../../../Projects/MAZED/Content/EasySave/easySaveObject.uasset" 100
"../../../../Projects/MAZED/Content/Assets/Misc/Collectable/Collectable_Collectable_BaseColor.uasset" 101
"../../../../Projects/MAZED/Content/Assets/Misc/Collectable/Collectable_Collectable_Emissive.uasset" 102
"../../../../Projects/MAZED/Content/Assets/Misc/Collectable/Collectable_Collectable_Normal.uasset" 103
"../../../../Projects/MAZED/Content/Assets/Misc/Collectable/Collectable_Collectable_OcclusionRoughnessMetallic.uasset" 104
"../../../../Projects/MAZED/Content/Assets/Misc/Collectable/Collectable_Mat.uasset" 105
"../../../../Projects/MAZED/Content/Assets/Misc/Collectable/Collectable_Animation_PhysicsAsset.uasset" 106
"../../../../Projects/MAZED/Content/Assets/Misc/Collectable/Collectable_Animation.uasset" 107
"../../../../Projects/MAZED/Content/Assets/Collecable.uasset" 108
"../../../../Projects/MAZED/Content/Assets/DeathActionBP/SphereMat.uasset" 109
"../../../Engine/Content/Functions/Engine_MaterialFunctions01/Density/ExponentialDensity.uasset" 110
"../../../Engine/Content/Functions/Engine_MaterialFunctions01/Gradient/RadialGradientExponential.uasset" 111
"../../../../Projects/MAZED/Content/Particles/Particle.uasset" 112
"../../Plugins/FX/Niagara/Content/DynamicInputs/Add/Add_Vector.uasset" 113
"../../Plugins/FX/Niagara/Content/DynamicInputs/Angles/NormalizedAngleToDegrees.uasset" 114
"../../Plugins/FX/Niagara/Content/DynamicInputs/Helpers/SimulationPosition.uasset" 115
"../../Plugins/FX/Niagara/Content/DynamicInputs/TypeConversions/Vector2DFromFloat.uasset" 116
"../../Plugins/FX/Niagara/Content/Functions/RandomRange.uasset" 117
"../../Plugins/FX/Niagara/Content/DynamicInputs/UniformRange/UniformRangedFloat.uasset" 118
"../../Plugins/FX/Niagara/Content/DynamicInputs/UniformRange/UniformRangedVector.uasset" 119
"../../Plugins/FX/Niagara/Content/DynamicInputs/ValueFromCurve/ColorFromCurve.uasset" 120
"../../Plugins/FX/Niagara/Content/Functions/Emitter/EmitterChangeState.uasset" 121
"../../Plugins/FX/Niagara/Content/Modules/Emitter/EmitterLifeCycle.uasset" 122
"../../Plugins/FX/Niagara/Content/Modules/Emitter/SpawnRate.uasset" 123
"../../Plugins/FX/Niagara/Content/Functions/DirectionAndLengthSafe.uasset" 124
"../../Plugins/FX/Niagara/Content/Functions/Localspace/NF_InitialParticlePosition.uasset" 125
"../../Plugins/FX/Niagara/Content/Functions/Rotation/AxisAngleToQuaternion.uasset" 126
"../../Plugins/FX/Niagara/Content/Functions/Rotation/MultiplyQuaternion.uasset" 127
"../../Plugins/FX/Niagara/Content/Functions/Rotation/QuaternionToAxisAngle.uasset" 128
"../../Plugins/FX/Niagara/Content/Modules/Solvers/SolveForcesAndVelocity.uasset" 129
"../../Plugins/FX/Niagara/Content/Functions/GaussianRandomFloat.uasset" 130
"../../Plugins/FX/Niagara/Content/Functions/GaussianRandomVector.uasset" 131
"../../Plugins/FX/Niagara/Content/Functions/Localspace/ENiagaraCoordinateSpace.uasset" 132
"../../Plugins/FX/Niagara/Content/Functions/Localspace/NF_TransformBase.uasset" 133
"../../Plugins/FX/Niagara/Content/Functions/Localspace/NF_TransformVector.uasset" 134
"../../Plugins/FX/Niagara/Content/Functions/RandomVector.uasset" 135
"../../Plugins/FX/Niagara/Content/Modules/Spawn/Location/SphereLocation.uasset" 136
"../../Plugins/FX/Niagara/Content/Functions/Localspace/NF_TransformOffset.uasset" 137
"../../Plugins/FX/Niagara/Content/Modules/Spawn/Velocity/AddVelocity.uasset" 138
"../../Plugins/FX/Niagara/Content/Modules/Update/Color/Color.uasset" 139
"../../Plugins/FX/Niagara/Content/Functions/Localspace/NF_TransformPosition.uasset" 140
"../../Plugins/FX/Niagara/Content/Modules/Update/Forces/PointAttractionForce.uasset" 141
"../../Plugins/FX/Niagara/Content/Modules/Update/Lifetime/UpdateAge.uasset" 142
"../../../../Projects/MAZED/Content/Assets/DeathActionBP/DeathPortal.uasset" 143
"../../Plugins/FX/Niagara/Content/Functions/System/SystemChangeState.uasset" 144
"../../Plugins/FX/Niagara/Content/Modules/System/SystemLifeCycle.uasset" 145
"../../../../Projects/MAZED/Content/Assets/DeathActionBP/DeathPortal_System.uasset" 146
"../../../../Projects/MAZED/Content/Assets/DeathActionBP/DeathBP.uasset" 147
"../../../../Projects/MAZED/Content/Assets/LevelBuilder/PPActor.uasset" 148
"../../../../Projects/MAZED/Content/DirectionalGravity/Blueprints/GravityLogic/BP_GravityReceiver.uasset" 149
"../../../../Projects/MAZED/Content/HospitalSettings/Audio/AirCon.uasset" 150
"../../../../Projects/MAZED/Content/UI/Credits.uasset" 151
"../../../../Projects/MAZED/Content/UI/Background.uasset" 152
"../../../../Projects/MAZED/Content/UI/Button_Clicked.uasset" 153
"../../../../Projects/MAZED/Content/UI/Button_Hover.uasset" 154
"../../../../Projects/MAZED/Content/UI/Button_Inactive.uasset" 155
"../../../../Projects/MAZED/Content/UI/PauseMenu.uasset" 156
"../../../../Projects/MAZED/Content/DirectionalGravity/Blueprints/GravityLogic/BP_GravityCharacterFP.uasset" 157
"../../../../Projects/MAZED/Content/Assets/LevelBuilder_Red/PlayerSettings.uasset" 158
"../../../../Projects/MAZED/Content/DirectionalGravity/Blueprints/Helpers/BP_MathHelpers.uasset" 159
"../../../../Projects/MAZED/Content/DirectionalGravity/Materials/M_Base.uasset" 160
"../../../../Projects/MAZED/Content/DirectionalGravity/Materials/M_Cube.uasset" 161
"../../../../Projects/MAZED/Content/DirectionalGravity/Meshes/SM_Cube.uasset" 162
"../../../../Projects/MAZED/Content/DirectionalGravity/Blueprints/SceneObjects/BP_InteractiveObject.uasset" 163
"../../../../Projects/MAZED/Content/DirectionalGravity/Blueprints/Helpers/PM_CharacterSlide.uasset" 164
"../../../../Projects/MAZED/Content/DirectionalGravity/Blueprints/Helpers/PM_CharacterWalk.uasset" 165
"../../../../Projects/MAZED/Content/DirectionalGravity/Blueprints/GravityLogic/BP_GravityCharacterBase.uasset" 166
"../../../../Projects/MAZED/Content/Assets/LevelBuilder/LevelGun.uasset" 167
"../../../../Projects/MAZED/Content/Assets/LevelBuilder/wall.uasset" 168
"../../../../Projects/MAZED/Content/Assets/LevelBuilder/Moving_Wall_Up.uasset" 169
"../../../../Projects/MAZED/Content/Assets/LevelBuilder/Sphier_Big.uasset" 170
"../../../../Projects/MAZED/Content/Assets/LevelBuilder/Stairs_Stright.uasset" 171
"../../../../Projects/MAZED/Content/Assets/LevelBuilder/Wall1.uasset" 172
"../../Plugins/FX/Niagara/Content/DefaultAssets/DefaultSpriteMaterial.uasset" 173
"../../Plugins/FX/Niagara/Content/Modules/Emitter/SpawnBurst_Instantaneous.uasset" 174
"../../../../Projects/MAZED/Content/Assets/LevelBuilder/Floor/Floor.uasset" 175
"../../../../Projects/MAZED/Content/Assets/LevelBuilder/Floor/NiagaraFloor/FloorNiagaraEmitter.uasset" 176
"../../../../Projects/MAZED/Content/Assets/LevelBuilder/New_Delete/Floor_Floor.uasset" 177
"../../../../Projects/MAZED/Content/Assets/LevelBuilder/New_Delete/Swing_Axe_Cylinder001.uasset" 178
"../../../../Projects/MAZED/Content/Assets/LevelBuilder/Teleporter/Teleporter_Object003.uasset" 179
"../../../../Projects/MAZED/Content/Assets/LevelBuilder_Red/02_-_Default.uasset" 180
"../../../../Projects/MAZED/Content/Assets/LevelBuilder_Red/03_-_Default.uasset" 181
"../../../../Projects/MAZED/Content/Assets/LevelBuilder_Red/NotForUseInLevel/Goal_Stand_PhysicsAsset.uasset" 182
"../../../../Projects/MAZED/Content/Assets/LevelBuilder_Red/NotForUseInLevel/Goal_Stand_Skeleton.uasset" 183
"../../../../Projects/MAZED/Content/Assets/LevelBuilder_Red/NotForUseInLevel/Goal_Stand.uasset" 184
"../../../../Projects/MAZED/Content/Assets/LevelBuilder_Red/NotForUseInLevel/Goal_Stand_Anim.uasset" 185
"../../../../Projects/MAZED/Content/Assets/Misc/02_-_Default.uasset" 186
"../../../../Projects/MAZED/Content/Assets/Misc/FadingFunction.uasset" 187
"../../../../Projects/MAZED/Content/Assets/Misc/test.uasset" 188
"../../../../Projects/MAZED/Content/AdvancedDissolveFX/Textures/Dissolve_border_gradient_02.uasset" 189
"../../../../Projects/MAZED/Content/Assets/Misc/test_Inst.uasset" 190
"../../../../Projects/MAZED/Content/Assets/Misc/Collectable/Collectable.uasset" 191
"../../../../Projects/MAZED/Content/Assets/Misc/Collectable/DubbleSided_Floor.uasset" 192
"../../../../Projects/MAZED/Content/Assets/Misc/Collectable/InnerGlow.uasset" 193
"../../../../Projects/MAZED/Content/testassets/Test_LP01_DefaultMaterial_Normal.uasset" 194
"../../../../Projects/MAZED/Content/testassets/CrystalMat.uasset" 195
"../../../../Projects/MAZED/Content/Assets/Misc/Crystals/Crystal.uasset" 196
"../../../../Projects/MAZED/Content/Assets/Misc/Crystals/Crystal2.uasset" 197
"../../../../Projects/MAZED/Content/Assets/Misc/Crystals/Crystal4.uasset" 198
"../../../../Projects/MAZED/Content/Assets/Hospital/AboveBed/Mat_AboveBed_Lamp/AboveBed_Lamp_AboveBed_Lamp_Normal.uasset" 199
"../../../../Projects/MAZED/Content/AdvancedDissolveFX/M_Spherical_dissolve_Base.uasset" 200
"../../../../Projects/MAZED/Content/Assets/Misc/floating_islands/Mat_Other_Floating_Island02/Floating_Chunk_02_01_-_Default_BaseColor.uasset" 201
"../../../../Projects/MAZED/Content/Assets/Misc/floating_islands/Mat_Other_Floating_Island02/Floating_Chunk_02_01_-_Default_Normal.uasset" 202
"../../../../Projects/MAZED/Content/Assets/Misc/floating_islands/Mat_Other_Floating_Island02/Floating_Chunk_02_01_-_Default_OcclusionRoughnessMetallic.uasset" 203
"../../../../Projects/MAZED/Content/Assets/Misc/floating_islands/Mat_Other_Floating_Island02/cabinate1.uasset" 204
"../../../../Projects/MAZED/Content/Assets/Misc/floating_islands/Mat_Other_Floating_Island02/D1_mat02.uasset" 205
"../../../../Projects/MAZED/Content/Assets/Misc/floating_islands/Floating_Chunk_02_Box001.uasset" 206
"../../../../Projects/MAZED/Content/Assets/Misc/floating_islands/Mat_Other_Floating_Island02/Floating_Chunk_02_02_-_Default_BaseColor.uasset" 207
"../../../../Projects/MAZED/Content/Assets/Misc/floating_islands/Mat_Other_Floating_Island02/Floating_Chunk_02_02_-_Default_Normal.uasset" 208
"../../../../Projects/MAZED/Content/Assets/Misc/floating_islands/Mat_Other_Floating_Island02/Floating_Chunk_02_02_-_Default_OcclusionRoughnessMetallic.uasset" 209
"../../../../Projects/MAZED/Content/Assets/Misc/floating_islands/Mat_Other_Floating_Island02/cabinate2.uasset" 210
"../../../../Projects/MAZED/Content/Assets/Misc/floating_islands/Floating_Chunk_02_Box002.uasset" 211
"../../../../Projects/MAZED/Content/Assets/Misc/floating_islands/Floating_Chunk_02_Obsidian_006.uasset" 212
"../../../../Projects/MAZED/Content/Assets/Misc/floating_islands/Chunk2.uasset" 213
"../../../../Projects/MAZED/Content/Assets/Misc/floating_islands/Dubme.uasset" 214
"../../../../Projects/MAZED/Content/Assets/Misc/M_Spherical_dissolve_Base_Inst_Example_Dupe_Me.uasset" 215
"../../../../Projects/MAZED/Content/Assets/Misc/floating_islands/Mat_Other_Floating_Island01/floating_Chunk_01_01_-_Default_BaseColor.uasset" 216
"../../../../Projects/MAZED/Content/Assets/Misc/floating_islands/Mat_Other_Floating_Island01/floating_Chunk_01_01_-_Default_Normal.uasset" 217
"../../../../Projects/MAZED/Content/Assets/Misc/floating_islands/Mat_Other_Floating_Island01/floating_Chunk_01_01_-_Default_OcclusionRoughnessMetallic.uasset" 218
"../../../../Projects/MAZED/Content/Assets/Misc/floating_islands/Mat_Other_Floating_Island01/Desk1.uasset" 219
"../../../../Projects/MAZED/Content/Assets/Misc/floating_islands/Mat_Other_Floating_Island01/floating_Chunk_01_02_-_Default_BaseColor.uasset" 220
"../../../../Projects/MAZED/Content/Assets/Misc/floating_islands/Mat_Other_Floating_Island01/floating_Chunk_01_02_-_Default_Normal.uasset" 221
"../../../../Projects/MAZED/Content/Assets/Misc/floating_islands/Mat_Other_Floating_Island01/floating_Chunk_01_02_-_Default_OcclusionRoughnessMetallic.uasset" 222
"../../../../Projects/MAZED/Content/Assets/Misc/floating_islands/Mat_Other_Floating_Island01/Desk2.uasset" 223
"../../../../Projects/MAZED/Content/Assets/Misc/floating_islands/Mat_Other_Floating_Island01/floating_Chunk_01_03_-_Default_BaseColor.uasset" 224
"../../../../Projects/MAZED/Content/Assets/Misc/floating_islands/Mat_Other_Floating_Island01/floating_Chunk_01_03_-_Default_Normal.uasset" 225
"../../../../Projects/MAZED/Content/Assets/Misc/floating_islands/Mat_Other_Floating_Island01/floating_Chunk_01_03_-_Default_OcclusionRoughnessMetallic.uasset" 226
"../../../../Projects/MAZED/Content/Assets/Misc/floating_islands/Mat_Other_Floating_Island01/Desk3.uasset" 227
"../../../../Projects/MAZED/Content/Assets/Misc/floating_islands/Mat_Other_Floating_Island01/floating_Chunk_01_PhysicsAsset.uasset" 228
"../../../../Projects/MAZED/Content/Assets/Misc/floating_islands/Mat_Other_Floating_Island01/floating_Chunk_01_Skeleton.uasset" 229
"../../../../Projects/MAZED/Content/Assets/Misc/floating_islands/floating_Chunk_01.uasset" 230
"../../../../Projects/MAZED/Content/Assets/Misc/floating_islands/Mat_Other_Floating_Island01/floating_Chunk_01_Anim.uasset" 231
"../../../../Projects/MAZED/Content/Assets/Misc/floating_islands/Mat_Other_Floating_Island02/D2_Mat02.uasset" 232
"../../../../Projects/MAZED/Content/Assets/Misc/floating_islands/FloatingChunk05_Frame.uasset" 233
"../../../../Projects/MAZED/Content/Assets/Misc/floating_islands/Mat_Other_floating_Island05/Floating_Chunk05_Box002.uasset" 234
"../../../../Projects/MAZED/Content/Assets/Misc/floating_islands/Mat_Other_floating_Island05/Floating_Chunk05_FloatingChunk05_Mirror_BaseColor.uasset" 235
"../../../../Projects/MAZED/Content/Assets/Misc/floating_islands/Mat_Other_floating_Island05/Floating_Chunk05_FloatingChunk05_Mirror_Normal.uasset" 236
"../../../../Projects/MAZED/Content/Assets/Misc/floating_islands/Mat_Other_floating_Island05/Floating_Chunk05_FloatingChunk05_Mirror_OcclusionRoughnessMetallic.uasset" 237
"../../../../Projects/MAZED/Content/Assets/Misc/floating_islands/FloatingChunk05_Obsid.uasset" 238
"../../../../Projects/MAZED/Content/Assets/Misc/floating_islands/Mat_Other_floating_Island05/Floating_Chunk05_Obsidian_0051.uasset" 239
"../../../../Projects/MAZED/Content/Assets/Misc/floating_islands/FloatingChunk05_Mirror.uasset" 240
"../../../../Projects/MAZED/Content/Assets/Misc/floating_islands/Mat_Other_floating_Island05/Floating_Chunk05_Plane001.uasset" 241
"../../../../Projects/MAZED/Content/Assets/Misc/floating_islands/Mat_Other_floating_Island05/Floating_Chunk05_FloatingChunk05_Frame_BaseColor.uasset" 242
"../../../../Projects/MAZED/Content/Assets/Misc/floating_islands/Mat_Other_floating_Island05/Floating_Chunk05_FloatingChunk05_Frame_Normal.uasset" 243
"../../../../Projects/MAZED/Content/Assets/Misc/floating_islands/Mat_Other_floating_Island05/Floating_Chunk05_FloatingChunk05_Frame_OcclusionRoughnessMetallic.uasset" 244
"../../../../Projects/MAZED/Content/Assets/Misc/floating_islands/Mat_Other_floating_Island05/Mirror_Frame.uasset" 245
"../../../../Projects/MAZED/Content/Assets/Misc/floating_islands/Mat_Other_floating_Island05/Floating_Chunk05_FloatingChunk05_Obsid_BaseColor.uasset" 246
"../../../../Projects/MAZED/Content/Assets/Misc/floating_islands/Mat_Other_floating_Island05/Floating_Chunk05_FloatingChunk05_Obsid_Normal.uasset" 247
"../../../../Projects/MAZED/Content/Assets/Misc/floating_islands/Mat_Other_floating_Island05/Floating_Chunk05_FloatingChunk05_Obsid_OcclusionRoughnessMetallic.uasset" 248
"../../../../Projects/MAZED/Content/Assets/Misc/floating_islands/Mat_Other_floating_Island05/Obsid_Mirror.uasset" 249
"../../../../Projects/MAZED/Content/Assets/Misc/Niagara/WarpPartcle.uasset" 250
"../../Plugins/FX/Niagara/Content/Modules/Update/Forces/AccelerationForce.uasset" 251
"../../../../Projects/MAZED/Content/Assets/Misc/Niagara/NewNiagaraEmitter.uasset" 252
"../../../../Projects/MAZED/Content/Assets/OptionsWheels/setting_Wheels_Handle.uasset" 253
"../../../../Projects/MAZED/Content/Assets/OptionsWheels/setting_Wheels_Inner.uasset" 254
"../../../../Projects/MAZED/Content/Assets/OptionsWheels/setting_Wheels_Outer.uasset" 255
"../../../../Projects/MAZED/Content/Assets/RedDoor/1st/02_-_Default.uasset" 256
"../../../../Projects/MAZED/Content/Assets/RedDoor/1st/Gate_Red.uasset" 257
"../../../../Projects/MAZED/Content/Assets/RedDoor/2nd/Gate_Red.uasset" 258
"../../../../Projects/MAZED/Content/Assets/RedDoor/3rd/02_-_Default.uasset" 259
"../../../../Projects/MAZED/Content/Assets/RedDoor/3rd/Gate_Red.uasset" 260
"../../../../Projects/MAZED/Content/Assets/Title/1st/Mazed_Top_Skeleton.uasset" 261
"../../../../Projects/MAZED/Content/Assets/Title/1st/Mazed_Top_Anim.uasset" 262
"../../../../Projects/MAZED/Content/Assets/Title/2nd/Mazed_Under_Skeleton.uasset" 263
"../../../../Projects/MAZED/Content/Assets/Title/2nd/Mazed_Under_Anim.uasset" 264
"../../../../Projects/MAZED/Content/Assets/Title/1st/Mazed_Top1.uasset" 265
"../../../../Projects/MAZED/Content/Assets/Title/1st/Mazed_Top_PhysicsAsset.uasset" 266
"../../../../Projects/MAZED/Content/Assets/Title/1st/Mazed_Top.uasset" 267
"../../../../Projects/MAZED/Content/Assets/Title/2nd/Mazed_Bottom.uasset" 268
"../../../../Projects/MAZED/Content/Assets/Title/2nd/Mazed_Under_PhysicsAsset.uasset" 269
"../../../../Projects/MAZED/Content/Assets/Title/2nd/Mazed_Under.uasset" 270
"../../../../Projects/MAZED/Content/Assets/Title/Title.uasset" 271
"../../../../Projects/MAZED/Content/Assets/Title/CameraActor_Blueprint.uasset" 272
"../../../../Projects/MAZED/Content/Assets/Title/TitleSequence.uasset" 273
"../../../../Projects/MAZED/Content/Assets/Title/1st/Mazed_Top_Skeleton_Sequence.uasset" 274
"../../../../Projects/MAZED/Content/Assets/Title/Play/bottom.uasset" 275
"../../../../Projects/MAZED/Content/Assets/Title/Play/Top.uasset" 276
"../../../../Projects/MAZED/Content/Assets/Title/Play/Play_PhysicsAsset.uasset" 277
"../../../../Projects/MAZED/Content/Assets/Title/Play/Play_Skeleton.uasset" 278
"../../../../Projects/MAZED/Content/Assets/Title/Play/Play.uasset" 279
"../../../../Projects/MAZED/Content/Assets/Title/Play/Play_Anim.uasset" 280
"../../../../Projects/MAZED/Content/Assets/Title/Play/PlayAnimBlueprint.uasset" 281
"../../../../Projects/MAZED/Content/Assets/Title/Quit/bottom.uasset" 282
"../../../../Projects/MAZED/Content/Assets/Title/Quit/Top.uasset" 283
"../../../../Projects/MAZED/Content/Assets/Title/Quit/Quit_PhysicsAsset.uasset" 284
"../../../../Projects/MAZED/Content/Assets/Title/Quit/Quit_Skeleton.uasset" 285
"../../../../Projects/MAZED/Content/Assets/Title/Quit/Quit.uasset" 286
"../../../../Projects/MAZED/Content/Assets/Title/Quit/Quit_Anim.uasset" 287
"../../../../Projects/MAZED/Content/Cinematics/Sequences/TeleportEffect/TeleportEffectMaster.uasset" 288
"../../../../Projects/MAZED/Content/Cinematics/Sequences/TeleportEffect/shots/shot0010/shot0010_001.uasset" 289
"../../../../Projects/MAZED/Content/Cinematics/Sequences/TeleportEffect/shots/shot0020/shot0020_001.uasset" 290
"../../../../Projects/MAZED/Content/Cinematics/Sequences/TeleportEffect/shots/shot0030/shot0030_001.uasset" 291
"../../../../Projects/MAZED/Content/Cinematics/Sequences/TeleportEffect/shots/shot0040/shot0040_001.uasset" 292
"../../../../Projects/MAZED/Content/Cinematics/Sequences/TeleportEffect/shots/shot0050/shot0050_001.uasset" 293
"../../../../Projects/MAZED/Content/DefaultAssets/DefaultSpriteMaterial.uasset" 294
"../../../../Projects/MAZED/Content/DirectionalGravity/Mannequin/Character/Mesh/UE4_Mannequin_Skeleton.uasset" 295
"../../../../Projects/MAZED/Content/DirectionalGravity/Mannequin/Animations/ThirdPerson_Jump.uasset" 296
"../../../../Projects/MAZED/Content/DirectionalGravity/Mannequin/Animations/ThirdPersonJump_Loop.uasset" 297
"../../../../Projects/MAZED/Content/DirectionalGravity/Mannequin/Animations/ThirdPersonJump_Start.uasset" 298
"../../../../Projects/MAZED/Content/DirectionalGravity/Mannequin/Animations/ThirdPersonIdle.uasset" 299
"../../../../Projects/MAZED/Content/DirectionalGravity/Mannequin/Animations/ThirdPersonRun.uasset" 300
"../../../../Projects/MAZED/Content/DirectionalGravity/Mannequin/Animations/ThirdPersonWalk.uasset" 301
"../../../../Projects/MAZED/Content/DirectionalGravity/Mannequin/Animations/ThirdPerson_IdleRun_2D.uasset" 302
"../../../../Projects/MAZED/Content/DirectionalGravity/Mannequin/Animations/ThirdPerson_AnimBP.uasset" 303
"../../../Engine/Content/Functions/Engine_MaterialFunctions02/Utility/BlendAngleCorrectedNormals.uasset" 304
"../../../Engine/Content/Functions/MaterialLayerFunctions/MatLayerBlend_NormalBlend.uasset" 305
"../../../Engine/Content/Functions/MaterialLayerFunctions/MatLayerBlend_Simple.uasset" 306
"../../../../Projects/MAZED/Content/DirectionalGravity/Mannequin/Character/Materials/MaterialLayers/T_ML_Rubber_Blue_01_D.uasset" 307
"../../../../Projects/MAZED/Content/DirectionalGravity/Mannequin/Character/Materials/MaterialLayers/T_ML_Rubber_Blue_01_N.uasset" 308
"../../../../Projects/MAZED/Content/DirectionalGravity/Mannequin/Character/Materials/MaterialLayers/ML_GlossyBlack_Latex_UE4.uasset" 309
"../../../../Projects/MAZED/Content/DirectionalGravity/Mannequin/Character/Materials/MaterialLayers/ML_Plastic_Shiny_Beige.uasset" 310
"../../../../Projects/MAZED/Content/DirectionalGravity/Mannequin/Character/Textures/UE4_LOGO_CARD.uasset" 311
"../../../../Projects/MAZED/Content/DirectionalGravity/Mannequin/Character/Materials/MaterialLayers/ML_Plastic_Shiny_Beige_LOGO.uasset" 312
"../../../../Projects/MAZED/Content/DirectionalGravity/Mannequin/Character/Materials/MaterialLayers/T_ML_Aluminum01.uasset" 313
"../../../../Projects/MAZED/Content/DirectionalGravity/Mannequin/Character/Materials/MaterialLayers/T_ML_Aluminum01_N.uasset" 314
"../../../../Projects/MAZED/Content/DirectionalGravity/Mannequin/Character/Materials/MaterialLayers/ML_SoftMetal_UE4.uasset" 315
"../../../../Projects/MAZED/Content/DirectionalGravity/Mannequin/Character/Textures/UE4_Mannequin__normals.uasset" 316
"../../../../Projects/MAZED/Content/DirectionalGravity/Mannequin/Character/Textures/UE4_Mannequin_MAT_MASKA.uasset" 317
"../../../../Projects/MAZED/Content/DirectionalGravity/Mannequin/Character/Materials/M_UE4Man_Body.uasset" 318
"../../../../Projects/MAZED/Content/DirectionalGravity/Mannequin/Character/Textures/UE4Man_Logo_N.uasset" 319
"../../../../Projects/MAZED/Content/DirectionalGravity/Mannequin/Character/Materials/M_UE4Man_ChestLogo.uasset" 320
"../../../../Projects/MAZED/Content/DirectionalGravity/Mannequin/Character/Mesh/SK_Mannequin_PhysicsAsset.uasset" 321
"../../../../Projects/MAZED/Content/DirectionalGravity/Mannequin/Character/Mesh/SK_Mannequin.uasset" 322
"../../../../Projects/MAZED/Content/DirectionalGravity/Blueprints/GravityLogic/BP_GravityCharacterTP.uasset" 323
"../../../../Projects/MAZED/Content/DynamicInputs/Add/Add_Vector.uasset" 324
"../../../../Projects/MAZED/Content/DynamicInputs/Angles/NormalizedAngleToDegrees.uasset" 325
"../../../../Projects/MAZED/Content/DynamicInputs/Helpers/SimulationPosition.uasset" 326
"../../../../Projects/MAZED/Content/DynamicInputs/ScaleByCurve/ScaleLinearColorByCurve.uasset" 327
"../../../../Projects/MAZED/Content/DynamicInputs/ScaleByCurve/ScaleVector2DByCurve.uasset" 328
"../../../../Projects/MAZED/Content/DynamicInputs/TypeConversions/Vector2DFromFloat.uasset" 329
"../../../../Projects/MAZED/Content/DynamicInputs/UniformRange/UniformRangedFloat.uasset" 330
"../../../../Projects/MAZED/Content/DynamicInputs/UniformRange/UniformRangedVector.uasset" 331
"../../../../Projects/MAZED/Content/DynamicInputs/ValueFromCurve/ColorFromCurve.uasset" 332
"../../../../Projects/MAZED/Content/DynamicInputs/ValueFromCurve/FloatFromCurve.uasset" 333
"../../../../Projects/MAZED/Content/Functions/DirectionAndLengthSafe.uasset" 334
"../../../../Projects/MAZED/Content/Functions/FindAngleBetweenVectors.uasset" 335
"../../../../Projects/MAZED/Content/Functions/GaussianRandomVector.uasset" 336
"../../../../Projects/MAZED/Content/Functions/RandomRange.uasset" 337
"../../../../Projects/MAZED/Content/Functions/RandomVector.uasset" 338
"../../../../Projects/MAZED/Content/Functions/Emitter/EmitterChangeState.uasset" 339
"../../../../Projects/MAZED/Content/Functions/Localspace/ENiagaraCoordinateSpace.uasset" 340
"../../../../Projects/MAZED/Content/Functions/Localspace/ENiagaraOrientationAxis.uasset" 341
"../../../../Projects/MAZED/Content/Functions/Localspace/NF_InitialParticlePosition.uasset" 342
"../../../../Projects/MAZED/Content/Functions/Localspace/NF_TransformBase.uasset" 343
"../../../../Projects/MAZED/Content/Functions/Localspace/NF_TransformOffset.uasset" 344
"../../../../Projects/MAZED/Content/Functions/Localspace/NF_TransformPosition.uasset" 345
"../../../../Projects/MAZED/Content/Functions/Localspace/NF_TransformVector.uasset" 346
"../../Plugins/FX/Niagara/Content/Functions/FindAngleBetweenVectors.uasset" 347
"../../../../Projects/MAZED/Content/Functions/Masks/ConeMask.uasset" 348
"../../../../Projects/MAZED/Content/Functions/Rotation/AxisAngleToQuaternion.uasset" 349
"../../../../Projects/MAZED/Content/Functions/Rotation/EulerToQuaternion.uasset" 350
"../../../../Projects/MAZED/Content/Functions/Rotation/FindQuatBetween.uasset" 351
"../../../../Projects/MAZED/Content/Functions/Rotation/MultiplyQuaternion.uasset" 352
"../../../../Projects/MAZED/Content/Functions/Rotation/QuaternionToAxisAngle.uasset" 353
"../../../../Projects/MAZED/Content/Functions/Rotation/RotateAngleOnAxis.uasset" 354
"../../../../Projects/MAZED/Content/Functions/System/SystemChangeState.uasset" 355
"../../../../Projects/MAZED/Content/HospitalSettings/HeartMonitor.uasset" 356
"../../../../Projects/MAZED/Content/HospitalSettings/HospitalPlayer.uasset" 357
"../../../../Projects/MAZED/Content/HospitalSettings/Audio/SingleHeartBeatLoop.uasset" 358
"../../../../Projects/MAZED/Content/HospitalSettings/HospitalSequence1.uasset" 359
"../../../../Projects/MAZED/Content/HospitalSettings/HospitalSequence2.uasset" 360
"../../../../Projects/MAZED/Content/Modules/Emitter/EmitterLifeCycle.uasset" 361
"../../../../Projects/MAZED/Content/Modules/Emitter/SpawnBurst_Instantaneous.uasset" 362
"../../../../Projects/MAZED/Content/Modules/Emitter/SpawnRate.uasset" 363
"../../../../Projects/MAZED/Content/Modules/Solvers/SolveForcesAndVelocity.uasset" 364
"../../Plugins/FX/Niagara/Content/Functions/Rotation/RotateAngleOnAxis.uasset" 365
"../../../../Projects/MAZED/Content/Modules/Spawn/Location/BoxLocation.uasset" 366
"../../Plugins/FX/Niagara/Content/Functions/Localspace/ENiagaraOrientationAxis.uasset" 367
"../../../../Projects/MAZED/Content/Modules/Spawn/Location/CylinderLocation.uasset" 368
"../../../../Projects/MAZED/Content/Modules/Spawn/Location/SphereLocation.uasset" 369
"../../../../Projects/MAZED/Content/Modules/Spawn/Location/StaticMeshLocation.uasset" 370
"../../../../Projects/MAZED/Content/Modules/Spawn/MeshInterface/SampleStaticMesh.uasset" 371
"../../Plugins/FX/Niagara/Content/Functions/Rotation/EulerToQuaternion.uasset" 372
"../../Plugins/FX/Niagara/Content/Functions/Rotation/FindQuatBetween.uasset" 373
"../../../../Projects/MAZED/Content/Modules/Spawn/Orientation/InitialMeshRotation.uasset" 374
"../../../../Projects/MAZED/Content/Modules/Spawn/Velocity/AddVelocity.uasset" 375
"../../../../Projects/MAZED/Content/Modules/System/SystemLifeCycle.uasset" 376
"../../../../Projects/MAZED/Content/Modules/Update/Color/Color.uasset" 377
"../../../../Projects/MAZED/Content/Modules/Update/Forces/AccelerationForce.uasset" 378
"../../Plugins/FX/Niagara/Content/Functions/Masks/ConeMask.uasset" 379
"../../../../Projects/MAZED/Content/Modules/Update/Forces/CurlNoiseForce.uasset" 380
"../../../../Projects/MAZED/Content/Modules/Update/Forces/PointAttractionForce.uasset" 381
"../../../../Projects/MAZED/Content/Modules/Update/Lifetime/UpdateAge.uasset" 382
"../../../../Projects/MAZED/Content/Modules/Update/Size/SpriteSizeScale.uasset" 383
"../../../../Projects/MAZED/Content/Particles/Dash.uasset" 384
"../../../../Projects/MAZED/Content/Particles/DustParticle.uasset" 385
"../../../../Projects/MAZED/Content/Particles/KeyCascade.uasset" 386
"../../../../Projects/MAZED/Content/Particles/WaterFall.uasset" 387
"../../Plugins/FX/Niagara/Content/DynamicInputs/ScaleByCurve/ScaleVector2DByCurve.uasset" 388
"../../Plugins/FX/Niagara/Content/Modules/Spawn/Location/BoxLocation.uasset" 389
"../../Plugins/FX/Niagara/Content/Modules/Update/Size/SpriteSizeScale.uasset" 390
"../../../../Projects/MAZED/Content/Particles/Niagara/DustNiagara.uasset" 391
"../../Plugins/FX/Niagara/Content/DynamicInputs/ValueFromCurve/FloatFromCurve.uasset" 392
"../../../../Projects/MAZED/Content/Particles/Niagara/DustNiagaraSystem.uasset" 393
"../../../../Projects/MAZED/Content/Particles/Niagara/fogging.uasset" 394
"../../../../Projects/MAZED/Content/Particles/Niagara/fogging_Mat.uasset" 395
"../../Plugins/FX/Niagara/Content/Modules/Spawn/Location/CylinderLocation.uasset" 396
"../../../../Projects/MAZED/Content/Particles/Niagara/FoggingNiagaraEmitter.uasset" 397
"../../../../Projects/MAZED/Content/Particles/Niagara/FoggingNiagaraEmitter_System.uasset" 398
"../../Plugins/FX/Niagara/Content/Modules/Spawn/Location/StaticMeshLocation.uasset" 399
"../../Plugins/FX/Niagara/Content/Modules/Spawn/MeshInterface/SampleStaticMesh.uasset" 400
"../../Plugins/FX/Niagara/Content/Modules/Spawn/Orientation/InitialMeshRotation.uasset" 401
"../../Plugins/FX/Niagara/Content/Modules/Update/Forces/CurlNoiseForce.uasset" 402
"../../../../Projects/MAZED/Content/Assets/LevelBuilder_Red/NotForUseInLevel/RedKey_90.uasset" 403
"../../../../Projects/MAZED/Content/Assets/OptionsWheels/Key.uasset" 404
"../../../../Projects/MAZED/Content/Particles/Niagara/KeyExplodingEmitter90.uasset" 405
"../../../../Projects/MAZED/Content/Assets/Key.uasset" 406
"../../../../Projects/MAZED/Content/Assets/Key_90.uasset" 407
"../../../../Projects/MAZED/Content/Particles/Niagara/KeyExplodingEmitter90_Red.uasset" 408
"../../../../Projects/MAZED/Content/Assets/LevelBuilder_Red/NotForUseInLevel/RedKey.uasset" 409
"../../../../Projects/MAZED/Content/Particles/Niagara/KeyExplodingEmitter_Red.uasset" 410
"../../../../Projects/MAZED/Content/Particles/Niagara/NewKeyEmitter.uasset" 411
"../../Plugins/FX/Niagara/Content/DynamicInputs/ScaleByCurve/ScaleLinearColorByCurve.uasset" 412
"../../../../Projects/MAZED/Content/Particles/Niagara/NewKeyEmitter_System.uasset" 413
"../../../../Projects/MAZED/Content/Splash/Splash.uasset" 414
"../../../../Projects/MAZED/Content/testassets/Test_LP01.uasset" 415
"../../../../Projects/MAZED/Content/UI/Completed.uasset" 416
"../../../../Projects/MAZED/Content/UI/Failed.uasset" 417
"../../../../Projects/MAZED/Content/UI/HUD.uasset" 418
"../../../Engine/Content/ArtTools/RenderToTexture/Meshes/S_1_Unit_Plane.uasset" 419
"../../../Engine/Content/BasicShapes/Cone.uasset" 420
"../../../Engine/Content/BasicShapes/Cylinder.uasset" 421
"../../../Engine/Content/BasicShapes/Plane.uasset" 422
"../../../Engine/Content/EditorLandscapeResources/DataLayer.uasset" 423
"../../../Engine/Content/EditorMaterials/GizmoMaterial.uasset" 424
"../../../Engine/Content/EditorMaterials/MAT_Groups_Toggle.uasset" 425
"../../../Engine/Content/EditorMaterials/MAT_Groups_Visibility.uasset" 426
"../../../Engine/Content/EditorMaterials/PreviewShadowIndicator.uasset" 427
"../../../Engine/Content/EditorMaterials/PreviewShadowIndicatorMaterial.uasset" 428
"../../../Engine/Content/EditorMaterials/MatineeGroups/MAT_ColorTrack.uasset" 429
"../../../Engine/Content/EditorMaterials/MatineeGroups/MAT_Groups_Anim.uasset" 430
"../../../Engine/Content/EditorMaterials/MatineeGroups/MAT_Groups_AudioMaster.uasset" 431
"../../../Engine/Content/EditorMaterials/MatineeGroups/MAT_Groups_Director.uasset" 432
"../../../Engine/Content/EditorMaterials/MatineeGroups/MAT_Groups_Event.uasset" 433
"../../../Engine/Content/EditorMaterials/MatineeGroups/MAT_Groups_Fade.uasset" 434
"../../../Engine/Content/EditorMaterials/MatineeGroups/MAT_Groups_Float.uasset" 435
"../../../Engine/Content/EditorMaterials/MatineeGroups/MAT_Groups_Move.uasset" 436
"../../../Engine/Content/EditorMaterials/MatineeGroups/MAT_Groups_Slomo.uasset" 437
"../../../Engine/Content/EditorMaterials/MatineeGroups/MAT_Groups_Sound.uasset" 438
"../../../Engine/Content/EditorMaterials/MatineeGroups/MAT_Groups_Vector.uasset" 439
"../../../Engine/Content/EditorMaterials/ParticleSystems/PSysThumbnail_NoImage.uasset" 440
"../../../Engine/Content/EditorMaterials/ParticleSystems/PSysThumbnail_OOD.uasset" 441
"../../../Engine/Content/EditorMaterials/Camera/CineMat.uasset" 442
"../../../Engine/Content/EditorMaterials/Camera/MI_CineMat_Rig.uasset" 443
"../../../Engine/Content/EditorMeshes/Camera/SM_CraneRig_Arm.uasset" 444
"../../../Engine/Content/EditorMeshes/Camera/SM_CraneRig_Base.uasset" 445
"../../../Engine/Content/EditorMeshes/Camera/SM_CraneRig_Body.uasset" 446
"../../../Engine/Content/EditorMeshes/Camera/SM_CraneRig_Mount.uasset" 447
"../../../Engine/Content/EditorMeshes/Camera/SM_RailRig_Mount.uasset" 448
"../../../Engine/Content/EditorMeshes/Camera/SM_RailRig_Track.uasset" 449
"../../../Engine/Content/EditorResources/BSPVertex.uasset" 450
"../../../Engine/Content/EditorResources/EmptyActor.uasset" 451
"../../../Engine/Content/EditorResources/S_Actor.uasset" 452
"../../../Engine/Content/EditorResources/S_KHinge.uasset" 453
"../../../Engine/Content/EditorResources/S_Trigger.uasset" 454
"../../../Engine/Content/EditorResources/AudioIcons/S_AudioComponent_AutoActivate.uasset" 455
"../../../Engine/Content/EditorResources/LightIcons/S_LightError.uasset" 456
"../../../Engine/Content/EditorResources/SequenceRecorder/Countdown.uasset" 457
"../../../Engine/Content/EditorResources/SequenceRecorder/RecordingIndicator.uasset" 458
"../../../Engine/Content/EditorSounds/Notifications/CompileFailed.uasset" 459
"../../../Engine/Content/EditorSounds/Notifications/CompileFailed_Cue.uasset" 460
"../../../Engine/Content/EditorSounds/Notifications/CompileSuccess.uasset" 461
"../../../Engine/Content/EditorSounds/Notifications/CompileStart_Cue.uasset" 462
"../../../Engine/Content/EditorSounds/Notifications/CompileSuccess_Cue.uasset" 463
"../../../Engine/Content/EngineDamageTypes/DmgTypeBP_Environmental.uasset" 464
"../../../Engine/Content/EngineDebugMaterials/HeatmapGradient.uasset" 465
"../../../Engine/Content/EngineDebugMaterials/BoneWeightMaterial.uasset" 466
"../../../Engine/Content/EngineDebugMaterials/ClothMaterial.uasset" 467
"../../../Engine/Content/EngineDebugMaterials/ClothMaterial_WF.uasset" 468
"../../../Engine/Content/EngineDebugMaterials/DebugEditorMaterial.uasset" 469
"../../../Engine/Content/EngineDebugMaterials/DebugMeshMaterial.uasset" 470
"../../../Engine/Content/EngineDebugMaterials/GeomMaterial.uasset" 471
"../../../Engine/Content/EngineDebugMaterials/M_SimpleTranslucent.uasset" 472
"../../../Engine/Content/EngineFonts/Faces/RobotoBold.uasset" 473
"../../../Engine/Content/EngineFonts/Faces/RobotoBoldItalic.uasset" 474
"../../../Engine/Content/EngineFonts/Faces/RobotoItalic.uasset" 475
"../../../Engine/Content/EngineFonts/Faces/RobotoLight.uasset" 476
"../../../Engine/Content/EngineFonts/Faces/RobotoRegular.uasset" 477
"../../../Engine/Content/EngineFonts/Roboto.uasset" 478
"../../../Engine/Content/EngineFonts/Faces/RobotoTiny.uasset" 479
"../../../Engine/Content/EngineFonts/RobotoTiny.uasset" 480
"../../../Engine/Content/EngineMaterials/BaseFlattenDiffuseMap.uasset" 481
"../../../Engine/Content/EngineMaterials/BaseFlattenEmissiveMap.uasset" 482
"../../../Engine/Content/EngineMaterials/BaseFlattenGrayscaleMap.uasset" 483
"../../../Engine/Content/EngineMaterials/BaseFlattenNormalMap.uasset" 484
"../../../Engine/Content/EngineMaterials/BaseFlattenMaterial.uasset" 485
"../../../Engine/Content/EngineMaterials/DefaultBloomKernel.uasset" 486
"../../../Engine/Content/EngineMaterials/DefaultBokeh.uasset" 487
"../../../Engine/Content/EngineMaterials/DefaultDiffuse.uasset" 488
"../../../Engine/Content/EngineMaterials/DefaultDeferredDecalMaterial.uasset" 489
"../../../Engine/Content/EngineMaterials/DefaultLightFunctionMaterial.uasset" 490
"../../../Engine/Content/EngineMaterials/DefaultPostProcessMaterial.uasset" 491
"../../../Engine/Content/EngineFonts/RobotoDistanceField.uasset" 492
"../../../Engine/Content/EngineMaterials/DefaultTextMaterialOpaque.uasset" 493
"../../../Engine/Content/EngineMaterials/DefaultWhiteGrid.uasset" 494
"../../../Engine/Content/EngineMaterials/EditorBrushMaterial.uasset" 495
"../../../Engine/Content/EngineMaterials/Good64x64TilingNoiseHighFreq.uasset" 496
"../../../Engine/Content/EngineMaterials/MiniFont.uasset" 497
"../../../Engine/Content/EngineMaterials/InvalidLightmapSettings.uasset" 498
"../../../Engine/Content/EngineMaterials/M_InvalidLightmapSettings.uasset" 499
"../../../Engine/Content/Functions/Engine_MaterialFunctions02/WorldPositionOffset/CameraOffset.uasset" 500
"../../../Engine/Content/EngineMaterials/PhAT_JointLimitMaterial.uasset" 501
"../../../Engine/Content/EngineMaterials/PreintegratedSkinBRDF.uasset" 502
"../../../Engine/Content/EngineMaterials/RemoveSurfaceMaterial.uasset" 503
"../../../Engine/Content/EngineMaterials/WeightMapPlaceholderTexture.uasset" 504
"../../../Engine/Content/EngineResources/WhiteSquareTexture.uasset" 505
"../../../Engine/Content/EngineMaterials/Widget3DPassThrough.uasset" 506
"../../../Engine/Content/EngineMaterials/Widget3DPassThrough_Masked.uasset" 507
"../../../Engine/Content/EngineMaterials/Widget3DPassThrough_Opaque.uasset" 508
"../../../Engine/Content/EngineMaterials/Widget3DPassThrough_Masked_OneSided.uasset" 509
"../../../Engine/Content/EngineMaterials/Widget3DPassThrough_Opaque_OneSided.uasset" 510
"../../../Engine/Content/EngineMaterials/Widget3DPassThrough_Translucent.uasset" 511
"../../../Engine/Content/EngineMaterials/Widget3DPassThrough_Translucent_OneSided.uasset" 512
"../../../Engine/Content/EngineMeshes/Cylinder.uasset" 513
"../../../Engine/Content/EngineMeshes/Sphere.uasset" 514
"../../../Engine/Content/EngineResources/Black.uasset" 515
"../../../Engine/Content/EngineResources/DefaultTexture.uasset" 516
"../../../Engine/Content/EngineResources/DefaultTextureCube.uasset" 517
"../../../Engine/Content/EngineResources/DefaultVolumeTexture2D.uasset" 518
"../../../Engine/Content/EngineResources/DefaultVolumeTexture.uasset" 519
"../../../Engine/Content/EngineResources/GradientTexture0.uasset" 520
"../../../Engine/Content/EngineSounds/Master.uasset" 521
"../../../Engine/Content/Functions/Engine_MaterialFunctions01/Shading/ConvertFromDiffSpec.uasset" 522
"../../../Engine/Content/Functions/Engine_MaterialFunctions01/Shading/PowerToRoughness.uasset" 523
"../../../Engine/Content/Maps/Templates/Thumbnails/Default.uasset" 524
"../../../Engine/Content/Maps/Templates/Thumbnails/VR-Basic.uasset" 525
"../../../Engine/Content/MobileResources/T_MobileControls_texture.uasset" 526
"../../../Engine/Content/MobileResources/T_MobileMenu2.uasset" 527
"../../../Engine/Content/MobileResources/HUD/AnalogHat.uasset" 528
"../../../Engine/Content/MobileResources/HUD/VirtualJoystick_Background.uasset" 529
"../../../Engine/Content/MobileResources/HUD/VirtualJoystick_Thumb.uasset" 530
"../../../Engine/Content/MobileResources/HUD/DefaultVirtualJoysticks.uasset" 531
"../../../Engine/Content/MobileResources/HUD/LeftVirtualJoystickOnly.uasset" 532
"../../../Engine/Content/MobileResources/HUD/MobileHUDButton1_off.uasset" 533
"../../../Engine/Content/MobileResources/HUD/MobileHUDButton1_on.uasset" 534
"../../../Engine/Content/MobileResources/HUD/MobileHUDButton2_off.uasset" 535
"../../../Engine/Content/MobileResources/HUD/MobileHUDButton2_on.uasset" 536
"../../../Engine/Content/MobileResources/HUD/MobileHUDButton3.uasset" 537
"../../../Engine/Content/MobileResources/HUD/MobileHUDButtonFire.uasset" 538
"../../../Engine/Content/MobileResources/HUD/MobileHUDDirectionPad.uasset" 539
"../../../Engine/Content/MobileResources/HUD/MobileHUDDirectionPad2.uasset" 540
"../../../Engine/Content/MobileResources/HUD/MobileHUDDirectionPad3.uasset" 541
"../../../Engine/Content/MobileResources/HUD/MobileHUDDirectionStick.uasset" 542
"../../../Engine/Content/MobileResources/HUD/T_Castle_ThumbstickInner.uasset" 543
"../../../Engine/Content/MobileResources/HUD/T_Castle_ThumbstickOutter.uasset" 544
"../../../Engine/Content/Tutorial/ContentIntroCurve.uasset" 545
"../../../Engine/Content/Tutorial/Basics/TutorialAssets/icon_tab_Levels_40x.uasset" 546
"../../../Engine/Content/Tutorial/Mobile/TutorialAssets/android_Icon.uasset" 547
"../../../Engine/Content/VREditor/LaserPointer/VR_LaserPower_01.uasset" 548
"../../../Engine/Content/VREditor/TransformGizmo/TransformGizmoMaterial.uasset" 549
"../../../Engine/Content/VREditor/TransformGizmo/TranslucentTransformGizmoMaterial.uasset" 550
"../../../Engine/Content/VREditor/TransformGizmo/BoundingBoxCorner.uasset" 551
"../../../Engine/Content/VREditor/TransformGizmo/BoundingBoxEdge.uasset" 552
"../../../Engine/Content/VREditor/TransformGizmo/PlaneTranslationHandle.uasset" 553
"../../../Engine/Content/VREditor/TransformGizmo/Main.uasset" 554
"../../../Engine/Content/VREditor/TransformGizmo/Xray.uasset" 555
"../../../Engine/Content/VREditor/TransformGizmo/SM_Sequencer_Key.uasset" 556
"../../../Engine/Content/VREditor/TransformGizmo/SM_Sequencer_Node.uasset" 557
"../../Plugins/2D/Paper2D/Content/PlaceholderTextures/DummySpriteTexture.uasset" 558
"../../Plugins/2D/Paper2D/Content/DummySprite.uasset" 559
"../../Plugins/2D/Paper2D/Content/DefaultPaperTerrainMaterial.uasset" 560
"../../Plugins/2D/Paper2D/Content/DefaultSpriteMaterial.uasset" 561
"../../Plugins/2D/Paper2D/Content/MaskedUnlitSpriteMaterial.uasset" 562
"../../Plugins/2D/Paper2D/Content/OpaqueUnlitSpriteMaterial.uasset" 563
"../../Plugins/FX/Niagara/Content/DynamicInputs/Bool/ENiagaraBooleanLogicOps.uasset" 564
"../../Plugins/Runtime/Oculus/OculusVR/Content/Materials/PokeAHoleMaterial.uasset" 565
"../../Plugins/Runtime/Oculus/OculusVR/Content/Textures/GearVRController_AO.uasset" 566
"../../Plugins/Runtime/Oculus/OculusVR/Content/Textures/GearVRController_Color.uasset" 567
"../../Plugins/Runtime/Oculus/OculusVR/Content/Textures/GearVRController_Normal.uasset" 568
"../../Plugins/Runtime/Oculus/OculusVR/Content/Materials/GearVRControllerMaterial.uasset" 569
"../../Plugins/Runtime/Oculus/OculusVR/Content/Meshes/GearVrController.uasset" 570
"../../Plugins/Runtime/Oculus/OculusVR/Content/Textures/touchController_albedo.uasset" 571
"../../Plugins/Runtime/Oculus/OculusVR/Content/Textures/touchController_controlmap.uasset" 572
"../../Plugins/Runtime/Oculus/OculusVR/Content/Materials/touchController_mat.uasset" 573
"../../Plugins/Runtime/Oculus/OculusVR/Content/Meshes/LeftTouchController.uasset" 574
"../../Plugins/Runtime/Oculus/OculusVR/Content/Meshes/RiftHMD.uasset" 575
"../../Plugins/Runtime/Oculus/OculusVR/Content/Meshes/RightTouchController.uasset" 576
"../../../../Projects/MAZED/Content/DirectionalGravity/Blueprints/GravityLogic/BP_GravityVolumeBase.uasset" 577
"../../../../Projects/MAZED/Content/Assets/ShinyGoalMat.uasset" 578
"../../../../Projects/MAZED/Content/Assets/Lock_Lock_1.uasset" 579
"../../../../Projects/MAZED/Content/Assets/Lock_Lock_Podium.uasset" 580
"../../../../Projects/MAZED/Content/Assets/Goal.uasset" 581
"../../../../Projects/MAZED/Content/Assets/LevelBuilder/PlayerSettings.uasset" 582
"../../../../Projects/MAZED/Content/Assets/RedLevelSkyMat.uasset" 583
"../../../../Projects/MAZED/Content/Assets/RedLevelSkyMat_Inst.uasset" 584
"../../../Engine/Content/EngineSky/T_Sky_Blue.uasset" 585
"../../../Engine/Content/EngineSky/T_Sky_Clouds_M.uasset" 586
"../../../Engine/Content/EngineSky/T_Sky_Stars.uasset" 587
"../../../Engine/Content/EngineSky/M_Sky_Panning_Clouds2.uasset" 588
"../../../Engine/Content/EngineSky/SM_SkySphere.uasset" 589
"../../../../Projects/MAZED/Content/Assets/LevelBuilder/BlueLevelSkySphere.uasset" 590
"../../../../Projects/MAZED/Content/Assets/LevelBuilder/GoalStand.uasset" 591
"../../../../Projects/MAZED/Content/Assets/DefaultTextMaterialOpaqueBlue.uasset" 592
"../../../../Projects/MAZED/Content/Assets/LevelBuilder/Text.uasset" 593
"../../../../Projects/MAZED/Content/Assets/Bricks/Cluster_Objects_Object001.uasset" 594
"../../../../Projects/MAZED/Content/Assets/Bricks/Cluster_Objects_Object002.uasset" 595
"../../../../Projects/MAZED/Content/Assets/Bricks/Cluster_Objects_Object003.uasset" 596
"../../../../Projects/MAZED/Content/Assets/Bricks/Cluster_Objects_Object004.uasset" 597
"../../../../Projects/MAZED/Content/Assets/Bricks/Cluster_Objects_Object005.uasset" 598
"../../../../Projects/MAZED/Content/Assets/Bricks/Cluster_Objects_Object006.uasset" 599
"../../../../Projects/MAZED/Content/Assets/Bricks/Cluster_Objects_Object007.uasset" 600
"../../../../Projects/MAZED/Content/Assets/Bricks/Cluster_Objects_Object008.uasset" 601
"../../../../Projects/MAZED/Content/Assets/Bricks/Cluster_Objects_Object009.uasset" 602
"../../../../Projects/MAZED/Content/Assets/Bricks/Cluster_Objects_Object010.uasset" 603
"../../../../Projects/MAZED/Content/Assets/Bricks/Cluster_Objects_Object011.uasset" 604
"../../../../Projects/MAZED/Content/Assets/Bricks/Cluster_Objects_Object012.uasset" 605
"../../../../Projects/MAZED/Content/Assets/Bricks/Cluster_Objects_Object013.uasset" 606
"../../../../Projects/MAZED/Content/Assets/Misc/Meshes/Gemstrones_LP_Obsidian_BaseColor.uasset" 607
"../../../../Projects/MAZED/Content/Assets/Misc/Meshes/Gemstrones_LP_Obsidian_Normal.uasset" 608
"../../../../Projects/MAZED/Content/Assets/Misc/Meshes/Gemstrones_LP_Obsidian_OcclusionRoughnessMetallic.uasset" 609
"../../../../Projects/MAZED/Content/Assets/Misc/Meshes/01_-_Default.uasset" 610
"../../../../Projects/MAZED/Content/Assets/Misc/Meshes/Gemstrones_Gemstrone_00.uasset" 611
"../../../../Projects/MAZED/Content/Assets/Misc/Meshes/Gemstrones_Gemstrone_01.uasset" 612
"../../../../Projects/MAZED/Content/Assets/Misc/Meshes/Gemstrones_Gemstrone_03.uasset" 613
"../../../../Projects/MAZED/Content/Assets/Misc/Meshes/Gemstrones_Gemstrone_04.uasset" 614
"../../../../Projects/MAZED/Content/Assets/Misc/Meshes/Gemstrones_Gemstrone_05.uasset" 615
"../../../../Projects/MAZED/Content/Assets/Misc/Meshes/Gemstrones_Gemstrone_06.uasset" 616
"../../../../Projects/MAZED/Content/Assets/Misc/Meshes/Gemstrones_Gemstrone_07.uasset" 617
"../../../../Projects/MAZED/Content/Assets/Misc/Meshes/Gemstrones_Gemstrone_08.uasset" 618
"../../../../Projects/MAZED/Content/Assets/Misc/Meshes/Gemstrones_Gemstrone_09.uasset" 619
"../../../../Projects/MAZED/Content/Assets/Misc/Meshes/Gemstrones_Gemstrone_10.uasset" 620
"../../../../Projects/MAZED/Content/Assets/Misc/Meshes/Gemstrones_Gemstrone_11.uasset" 621
"../../../../Projects/MAZED/Content/Assets/Misc/Meshes/Gemstrones_Gemstrone_12.uasset" 622
"../../../../Projects/MAZED/Content/Assets/Misc/MiscLogic/MiscParts.uasset" 623
"../../../../Projects/MAZED/Content/Assets/Misc/MiscObjectBP.uasset" 624
"../../../../Projects/MAZED/Content/DirectionalGravity/Blueprints/SceneObjects/BP_GravityVolumeBox.uasset" 625
"../../../../Projects/MAZED/Content/Assets/Misc/Outlines/Extra_Corrner_01.uasset" 626
"../../../../Projects/MAZED/Content/Assets/Misc/Outlines/Extra_Corrnerinner_01.uasset" 627
"../../../../Projects/MAZED/Content/Assets/Misc/Outlines/Extra_Stright_01.uasset" 628
"../../../../Projects/MAZED/Content/Assets/Misc/Outlines/Extra_Stright_02.uasset" 629
"../../../../Projects/MAZED/Content/Assets/Misc/Outlines/Extra_Stright_03.uasset" 630
"../../../../Projects/MAZED/Content/Assets/Misc/Outlines/Extra_Stright_04.uasset" 631
"../../../../Projects/MAZED/Content/Assets/Misc/Outlines/Extra_Stright_05.uasset" 632
"../../../../Projects/MAZED/Content/Particles/Dust.uasset" 633
"../../../../Projects/MAZED/Content/Maps/1.umap" 634
"../../../Engine/Content/BasicShapes/BasicShapeMaterial.uasset" 635
"../../../../Projects/MAZED/Content/Assets/FloatingFloor/FloatingPlane_FloatingPlane.uasset" 636
"../../../../Projects/MAZED/Content/Assets/LevelBuilder/MovingFloor.uasset" 637
"../../../../Projects/MAZED/Content/Particles/Niagara/KeyExplodingEmitter.uasset" 638
"../../../../Projects/MAZED/Content/Particles/Niagara/KeyExplodingSystem90_Red.uasset" 639
"../../../../Projects/MAZED/Content/Assets/LevelBuilder_Red/Key90_Red.uasset" 640
"../../../../Projects/MAZED/Content/Maps/10_BuiltData.uasset" 641
"../../../../Projects/MAZED/Content/Assets/LevelBuilder/Broken_End_Platform.uasset" 642
"../../../../Projects/MAZED/Content/Assets/LevelBuilder/Broken_End_Platform_Quarter.uasset" 643
"../../../../Projects/MAZED/Content/Assets/LevelBuilder/Stairs_bent.uasset" 644
"../../../../Projects/MAZED/Content/Assets/Misc/Outlines/Extra_Stright_06.uasset" 645
"../../../../Projects/MAZED/Content/Maps/10.umap" 646
"../../../../Projects/MAZED/Content/Assets/LevelBuilder_Red/LevelGun_Red.uasset" 647
"../../../../Projects/MAZED/Content/Assets/LevelBuilder_Red/PPActor.uasset" 648
"../../../../Projects/MAZED/Content/Assets/LevelBuilder_Red/RedLevelSkySphere.uasset" 649
"../../../../Projects/MAZED/Content/Maps/10_Red_BuiltData.uasset" 650
"../../../../Projects/MAZED/Content/Assets/LevelBuilder_Red/Red_Wall.uasset" 651
"../../../../Projects/MAZED/Content/Assets/LevelBuilder_Red/RedFloor.uasset" 652
"../../../../Projects/MAZED/Content/Maps/10_Red.umap" 653
"../../../../Projects/MAZED/Content/Assets/Door/Lock2/Door_Lock2_Anim.uasset" 654
"../../../../Projects/MAZED/Content/Assets/NewGate/Door_Lock3_Object001_Skeleton.uasset" 655
"../../../../Projects/MAZED/Content/Assets/NewGate/Door_Lock3_Object001_Anim.uasset" 656
"../../../../Projects/MAZED/Content/Assets/NewGate/Door_Lock3_Object038_Skeleton.uasset" 657
"../../../../Projects/MAZED/Content/Assets/NewGate/Door_Lock3_Object038_Anim.uasset" 658
"../../../../Projects/MAZED/Content/Assets/NewGate/Door_Lock3_Object070_Skeleton.uasset" 659
"../../../../Projects/MAZED/Content/Assets/NewGate/Door_Lock3_Object070_Anim.uasset" 660
"../../../../Projects/MAZED/Content/Assets/NewGate/Wall.uasset" 661
"../../../../Projects/MAZED/Content/Assets/NewGate/Door_Lock3_Object001_PhysicsAsset.uasset" 662
"../../../../Projects/MAZED/Content/Assets/NewGate/Door_Lock3_Object001.uasset" 663
"../../../../Projects/MAZED/Content/Assets/NewGate/Door_Lock3_Object038_PhysicsAsset.uasset" 664
"../../../../Projects/MAZED/Content/Assets/NewGate/Door_Lock3_Object038.uasset" 665
"../../../../Projects/MAZED/Content/Assets/NewGate/Door_Lock3_Object070_PhysicsAsset.uasset" 666
"../../../../Projects/MAZED/Content/Assets/NewGate/Door_Lock3_Object070.uasset" 667
"../../../../Projects/MAZED/Content/Assets/LevelBuilder/Gate.uasset" 668
"../../../../Projects/MAZED/Content/Particles/Niagara/KeyExplodingSystem90.uasset" 669
"../../../../Projects/MAZED/Content/Assets/LevelBuilder/Key90.uasset" 670
"../../../../Projects/MAZED/Content/Assets/LevelBuilder/Stairs_Stright__1_.uasset" 671
"../../../../Projects/MAZED/Content/Assets/LevelBuilder/Stairs_Blueprint.uasset" 672
"../../../../Projects/MAZED/Content/Maps/11_BuiltData.uasset" 673
"../../../../Projects/MAZED/Content/Assets/Misc/Crystals/Crystal3.uasset" 674
"../../../../Projects/MAZED/Content/Assets/Misc/Outlines/Extra_Middle_01.uasset" 675
"../../../../Projects/MAZED/Content/Maps/11.umap" 676
"../../../../Projects/MAZED/Content/Assets/RedDoor/1st/Door_Level1_Red_Skeleton.uasset" 677
"../../../../Projects/MAZED/Content/Assets/RedDoor/1st/Door_Level1_Red_Anim.uasset" 678
"../../../../Projects/MAZED/Content/Assets/RedDoor/2nd/Door_Level2_Red_Skeleton.uasset" 679
"../../../../Projects/MAZED/Content/Assets/RedDoor/2nd/Door_Level2_Red_Anim.uasset" 680
"../../../../Projects/MAZED/Content/Assets/RedDoor/3rd/Door_Level3_Red_Skeleton.uasset" 681
"../../../../Projects/MAZED/Content/Assets/RedDoor/3rd/Door_Level3_Red_Anim.uasset" 682
"../../../../Projects/MAZED/Content/Assets/DoorRedMat.uasset" 683
"../../../../Projects/MAZED/Content/Assets/RedDoor/1st/Door_Level1_Red_PhysicsAsset.uasset" 684
"../../../../Projects/MAZED/Content/Assets/RedDoor/1st/Door_Level1_Red.uasset" 685
"../../../../Projects/MAZED/Content/Assets/RedDoor/2nd/02_-_Default.uasset" 686
"../../../../Projects/MAZED/Content/Assets/RedDoor/2nd/Door_Level2_Red_PhysicsAsset.uasset" 687
"../../../../Projects/MAZED/Content/Assets/RedDoor/2nd/Door_Level2_Red.uasset" 688
"../../../../Projects/MAZED/Content/Assets/RedDoor/3rd/Door_Level3_Red_PhysicsAsset.uasset" 689
"../../../../Projects/MAZED/Content/Assets/RedDoor/3rd/Door_Level3_Red.uasset" 690
"../../../../Projects/MAZED/Content/Assets/LevelBuilder_Red/GateRed.uasset" 691
"../../../../Projects/MAZED/Content/Particles/Niagara/KeyExplodingSystem_Red.uasset" 692
"../../../../Projects/MAZED/Content/Assets/LevelBuilder_Red/Key_Red.uasset" 693
"../../../../Projects/MAZED/Content/Maps/11_Red_BuiltData.uasset" 694
"../../../../Projects/MAZED/Content/Assets/LevelBuilder_Red/250x250RedFloor.uasset" 695
"../../../../Projects/MAZED/Content/Assets/LevelBuilder_Red/FloatingChunk_Red/FloatingChunk_Red1.uasset" 696
"../../../../Projects/MAZED/Content/Assets/LevelBuilder_Red/FloatingChunk_Red/FloatingChunk_Red10.uasset" 697
"../../../../Projects/MAZED/Content/Assets/LevelBuilder_Red/FloatingChunk_Red/FloatingChunk_Red11.uasset" 698
"../../../../Projects/MAZED/Content/Assets/LevelBuilder_Red/FloatingChunk_Red/FloatingChunk_Red12.uasset" 699
"../../../../Projects/MAZED/Content/Assets/LevelBuilder_Red/FloatingChunk_Red/FloatingChunk_Red13.uasset" 700
"../../../../Projects/MAZED/Content/Assets/LevelBuilder_Red/FloatingChunk_Red/FloatingChunk_Red4.uasset" 701
"../../../../Projects/MAZED/Content/Assets/LevelBuilder_Red/FloatingChunk_Red/FloatingChunk_Red5.uasset" 702
"../../../../Projects/MAZED/Content/Assets/LevelBuilder_Red/FloatingChunk_Red/FloatingChunk_Red6.uasset" 703
"../../../../Projects/MAZED/Content/Assets/LevelBuilder_Red/FloatingChunk_Red/FloatingChunk_Red7.uasset" 704
"../../../../Projects/MAZED/Content/Assets/LevelBuilder_Red/FloatingChunk_Red/FloatingChunk_Red8.uasset" 705
"../../../../Projects/MAZED/Content/Assets/LevelBuilder_Red/FloatingChunk_Red/FloatingChunk_Red9.uasset" 706
"../../../../Projects/MAZED/Content/Assets/LevelBuilder_Red/Gate_Red_Wall.uasset" 707
"../../../../Projects/MAZED/Content/Assets/LevelBuilder_Red/Ledge_Red.uasset" 708
"../../../../Projects/MAZED/Content/Assets/LevelBuilder_Red/NotForUseInLevel/StairsStright_Red.uasset" 709
"../../../../Projects/MAZED/Content/Maps/11_Red.umap" 710
"../../../../Projects/MAZED/Content/Maps/12_BuiltData.uasset" 711
"../../../../Projects/MAZED/Content/Maps/12.umap" 712
"../../../../Projects/MAZED/Content/Assets/LevelBuilder_Red/NotForUseInLevel/RedAxe.uasset" 713
"../../../../Projects/MAZED/Content/Assets/LevelBuilder_Red/TrapAxeBP_Red.uasset" 714
"../../../../Projects/MAZED/Content/Maps/12_Red_BuiltData.uasset" 715
"../../../../Projects/MAZED/Content/Maps/12_Red.umap" 716
"../../../../Projects/MAZED/Content/DirectionalGravity/Blueprints/SceneObjects/BP_GravityVolumeSpherical.uasset" 717
"../../../../Projects/MAZED/Content/Maps/13_BuiltData.uasset" 718
"../../../../Projects/MAZED/Content/Assets/Misc/floating_islands/Mat_Other_Floating_island03/Floating_Chunk_03_02_-_Default_BaseColor.uasset" 719
"../../../../Projects/MAZED/Content/Assets/Misc/floating_islands/Mat_Other_Floating_island03/Floating_Chunk_03_02_-_Default_Normal.uasset" 720
"../../../../Projects/MAZED/Content/Assets/Misc/floating_islands/Mat_Other_Floating_island03/Floating_Chunk_03_02_-_Default_OcclusionRoughnessMetallic.uasset" 721
"../../../../Projects/MAZED/Content/Assets/Misc/floating_islands/Mat_Other_Floating_island03/D3_Mat03.uasset" 722
"../../../../Projects/MAZED/Content/Assets/LevelBuilder/Sphier.uasset" 723
"../../../../Projects/MAZED/Content/Assets/LevelBuilder/Sphier_1_4th.uasset" 724
"../../../../Projects/MAZED/Content/Assets/Misc/floating_islands/Floating_Chunk_03_Obsidian_002.uasset" 725
"../../../../Projects/MAZED/Content/Assets/Misc/floating_islands/Mat_Other_Floating_island03/Floating_Chunk_03_01_-_Default_BaseColor.uasset" 726
"../../../../Projects/MAZED/Content/Assets/Misc/floating_islands/Mat_Other_Floating_island03/Floating_Chunk_03_01_-_Default_Normal.uasset" 727
"../../../../Projects/MAZED/Content/Assets/Misc/floating_islands/Mat_Other_Floating_island03/Floating_Chunk_03_01_-_Default_OcclusionRoughnessMetallic.uasset" 728
"../../../../Projects/MAZED/Content/Assets/Misc/floating_islands/Mat_Other_Floating_island03/D1_Mat033.uasset" 729
"../../../../Projects/MAZED/Content/Assets/Misc/floating_islands/Floating_Chunk_03_Plane001.uasset" 730
"../../../../Projects/MAZED/Content/Maps/13.umap" 731
"../../../../Projects/MAZED/Content/Assets/LevelBuilder_Red/NotForUseInLevel/Floating_Platform_Red.uasset" 732
"../../../../Projects/MAZED/Content/Assets/LevelBuilder_Red/MovingFloor_Red.uasset" 733
"../../../../Projects/MAZED/Content/Assets/LevelBuilder_Red/SwingingAxeBP_Red.uasset" 734
"../../../Engine/Content/BasicShapes/Cube.uasset" 735
"../../../../Projects/MAZED/Content/Assets/LevelBuilder_Red/NotForUseInLevel/Teleporter_Red.uasset" 736
"../../../../Projects/MAZED/Content/Assets/LevelBuilder_Red/TeleporterStartPad_Red.uasset" 737
"../../../../Projects/MAZED/Content/Assets/LevelBuilder_Red/TeleporterEndPad_Red.uasset" 738
"../../../../Projects/MAZED/Content/Maps/13_Red_BuiltData.uasset" 739
"../../../../Projects/MAZED/Content/Assets/LevelBuilder_Red/Sphire_Red.uasset" 740
"../../../../Projects/MAZED/Content/Maps/13_Red.umap" 741
"../../../../Projects/MAZED/Content/Maps/14_BuiltData.uasset" 742
"../../../../Projects/MAZED/Content/Assets/LevelBuilder/350x150Wall.uasset" 743
"../../../../Projects/MAZED/Content/Assets/LevelBuilder/Ledge.uasset" 744
"../../../../Projects/MAZED/Content/Maps/14.umap" 745
"../../../../Projects/MAZED/Content/Maps/14_Red_BuiltData.uasset" 746
"../../../../Projects/MAZED/Content/Maps/14_Red.umap" 747
"../../../../Projects/MAZED/Content/Assets/LevelBuilder/Swing_Axe.uasset" 748
"../../../../Projects/MAZED/Content/Assets/LevelBuilder/SwingingAxeBP.uasset" 749
"../../../../Projects/MAZED/Content/Maps/15_BuiltData.uasset" 750
"../../../../Projects/MAZED/Content/Assets/LevelBuilder/250x250Floor.uasset" 751
"../../../../Projects/MAZED/Content/Maps/15.umap" 752
"../../../../Projects/MAZED/Content/Maps/15_Red_BuiltData.uasset" 753
"../../../../Projects/MAZED/Content/Assets/LevelBuilder_Red/250x250Floor_Red.uasset" 754
"../../../../Projects/MAZED/Content/Maps/15_Red.umap" 755
"../../../../Projects/MAZED/Content/Maps/16_BuiltData.uasset" 756
"../../../../Projects/MAZED/Content/Maps/16.umap" 757
"../../../../Projects/MAZED/Content/Maps/16_Red.umap" 758
"../../../../Projects/MAZED/Content/Assets/LevelBuilder/Moving_Wall_Down.uasset" 759
"../../../../Projects/MAZED/Content/Assets/Misc/floating_islands/Mat_Other_floating_Island04/floating_Chunk_04_02_-_Default_BaseColor.uasset" 760
"../../../../Projects/MAZED/Content/Assets/Misc/floating_islands/Mat_Other_floating_Island04/floating_Chunk_04_02_-_Default_Normal.uasset" 761
"../../../../Projects/MAZED/Content/Assets/Misc/floating_islands/Mat_Other_floating_Island04/floating_Chunk_04_02_-_Default_OcclusionRoughnessMetallic.uasset" 762
"../../../../Projects/MAZED/Content/Assets/Misc/floating_islands/Mat_Other_floating_Island04/obsid_Bed.uasset" 763
"../../../../Projects/MAZED/Content/Assets/Misc/floating_islands/floating_Chunk_04_LP.uasset" 764
"../../../../Projects/MAZED/Content/Assets/Misc/floating_islands/Mat_Other_floating_Island04/floating_Chunk_04_01_-_Default_BaseColor.uasset" 765
"../../../../Projects/MAZED/Content/Assets/Misc/floating_islands/Mat_Other_floating_Island04/floating_Chunk_04_01_-_Default_Normal.uasset" 766
"../../../../Projects/MAZED/Content/Assets/Misc/floating_islands/Mat_Other_floating_Island04/floating_Chunk_04_01_-_Default_OcclusionRoughnessMetallic.uasset" 767
"../../../../Projects/MAZED/Content/Assets/Misc/floating_islands/Mat_Other_floating_Island04/bed.uasset" 768
"../../../../Projects/MAZED/Content/Assets/Misc/floating_islands/floating_Chunk_04_LP_1.uasset" 769
"../../../../Projects/MAZED/Content/Maps/17.umap" 770
"../../../../Projects/MAZED/Content/Assets/LevelBuilder_Red/Moving_Wall_Down_Red.uasset" 771
"../../../../Projects/MAZED/Content/Assets/LevelBuilder_Red/Moving_Wall_Up_Red.uasset" 772
"../../../../Projects/MAZED/Content/Assets/LevelBuilder_Red/RedWall02.uasset" 773
"../../../../Projects/MAZED/Content/Maps/17_Red.umap" 774
"../../../../Projects/MAZED/Content/Assets/LevelBuilder/TrapAxeBP.uasset" 775
"../../../../Projects/MAZED/Content/Assets/TeleportMaterial.uasset" 776
"../../../../Projects/MAZED/Content/Assets/LevelBuilder/Teleporter/Teleporter_Cylinder001.uasset" 777
"../../../../Projects/MAZED/Content/Assets/LevelBuilder/Teleporter/Teleporter_Object001.uasset" 778
"../../../../Projects/MAZED/Content/Assets/LevelBuilder/Teleporter/Teleporter_Object002.uasset" 779
"../../../../Projects/MAZED/Content/Assets/LevelBuilder/Teleporter/Teleporter_Object004.uasset" 780
"../../../../Projects/MAZED/Content/Assets/LevelBuilder/Teleporter/Teleporter_Object005.uasset" 781
"../../../../Projects/MAZED/Content/Assets/LevelBuilder/Teleporter/Teleporter_Object006.uasset" 782
"../../../../Projects/MAZED/Content/Assets/LevelBuilder/Teleporter/Teleporter_Object007.uasset" 783
"../../../../Projects/MAZED/Content/Assets/LevelBuilder/Teleporter/Teleporter_Object008.uasset" 784
"../../../../Projects/MAZED/Content/Assets/LevelBuilder/Teleporter/Teleporter_Object009.uasset" 785
"../../../../Projects/MAZED/Content/Assets/LevelBuilder/Teleporter/Teleporter_Object010.uasset" 786
"../../../../Projects/MAZED/Content/Assets/LevelBuilder/Teleporter/Teleporter_Object011.uasset" 787
"../../../../Projects/MAZED/Content/Assets/LevelBuilder/Teleporter/Teleporter_Object012.uasset" 788
"../../../../Projects/MAZED/Content/Assets/LevelBuilder/Teleporter/Teleporter_Object013.uasset" 789
"../../../../Projects/MAZED/Content/Assets/LevelBuilder/TeleporterStartPad.uasset" 790
"../../../../Projects/MAZED/Content/Assets/LevelBuilder/TeleporterEndPad.uasset" 791
"../../../../Projects/MAZED/Content/Maps/18.umap" 792
"../../../../Projects/MAZED/Content/Maps/18_Red.umap" 793
"../../../../Projects/MAZED/Content/Maps/19.umap" 794
"../../../../Projects/MAZED/Content/Maps/19_Red.umap" 795
"../../../../Projects/MAZED/Content/Maps/1_Red.umap" 796
"../../../../Projects/MAZED/Content/Particles/Niagara/KeyExplodingSystem.uasset" 797
"../../../../Projects/MAZED/Content/Assets/LevelBuilder/Key.uasset" 798
"../../../../Projects/MAZED/Content/Maps/2.umap" 799
"../../../../Projects/MAZED/Content/Assets/DirectGoal.uasset" 800
"../../../../Projects/MAZED/Content/Maps/20.umap" 801
"../../../../Projects/MAZED/Content/Maps/20_Red.umap" 802
"../../../../Projects/MAZED/Content/Assets/LevelBuilder_Red/Gate_Red.uasset" 803
"../../../../Projects/MAZED/Content/Assets/LevelBuilder_Red/Gate/Gate_Red_Line002.uasset" 804
"../../../../Projects/MAZED/Content/Assets/LevelBuilder_Red/Gate/Gate_Red_Line003.uasset" 805
"../../../../Projects/MAZED/Content/Assets/LevelBuilder_Red/Gate/Gate_Red_Line004.uasset" 806
"../../../../Projects/MAZED/Content/Assets/LevelBuilder_Red/Gate/Gate_Red_Line005.uasset" 807
"../../../../Projects/MAZED/Content/Maps/2_Red.umap" 808
"../../../../Projects/MAZED/Content/Maps/3.umap" 809
"../../../../Projects/MAZED/Content/Maps/30_BuiltData.uasset" 810
"../../../../Projects/MAZED/Content/Maps/30.umap" 811
"../../../../Projects/MAZED/Content/Maps/31_BuiltData.uasset" 812
"../../../../Projects/MAZED/Content/Maps/31.umap" 813
"../../../../Projects/MAZED/Content/Maps/3_Red.umap" 814
"../../../../Projects/MAZED/Content/Maps/4.umap" 815
"../../../../Projects/MAZED/Content/Assets/LevelBuilder_Red/FloatingChunk_Red/FloatingChunk_Red2.uasset" 816
"../../../../Projects/MAZED/Content/Assets/LevelBuilder_Red/FloatingChunk_Red/FloatingChunk_Red3.uasset" 817
"../../../../Projects/MAZED/Content/Maps/4_Red.umap" 818
"../../../../Projects/MAZED/Content/Maps/5.umap" 819
"../../../../Projects/MAZED/Content/Maps/5_red.umap" 820
"../../../../Projects/MAZED/Content/Maps/6_BuiltData.uasset" 821
"../../../../Projects/MAZED/Content/Maps/6.umap" 822
"../../../../Projects/MAZED/Content/Assets/LevelBuilder_Red/Stairs_Blueprint_Red.uasset" 823
"../../../../Projects/MAZED/Content/Maps/6_Red_BuiltData.uasset" 824
"../../../../Projects/MAZED/Content/Maps/6_Red.umap" 825
"../../../../Projects/MAZED/Content/Maps/7_BuiltData.uasset" 826
"../../../../Projects/MAZED/Content/Maps/7.umap" 827
"../../../../Projects/MAZED/Content/Maps/7_Red_BuiltData.uasset" 828
"../../../../Projects/MAZED/Content/Assets/LevelBuilder_Red/Gate/Gate_Red_Line001.uasset" 829
"../../../../Projects/MAZED/Content/Maps/7_Red.umap" 830
"../../../../Projects/MAZED/Content/Maps/8.umap" 831
"../../../../Projects/MAZED/Content/Maps/8_Red.umap" 832
"../../../../Projects/MAZED/Content/Maps/9.umap" 833
"../../../../Projects/MAZED/Content/Maps/9_Red.umap" 834
"../../../../Projects/MAZED/Content/Assets/Title/Play/PlayStaticMesh.uasset" 835
"../../../../Projects/MAZED/Content/Assets/Title/PlayButton.uasset" 836
"../../../../Projects/MAZED/Content/Assets/Title/Quit/QuitStaticMesh.uasset" 837
"../../../../Projects/MAZED/Content/Assets/Title/QuitButton.uasset" 838
"../../../../Projects/MAZED/Content/Assets/Title/SatrtWidget.uasset" 839
"../../../../Projects/MAZED/Content/Maps/EndGame.umap" 840
"../../../../Projects/MAZED/Content/Maps/Hospital_BuiltData.uasset" 841
"../../../Engine/Content/EngineMaterials/DefaultPhysicalMaterial.uasset" 842
"../../../../Projects/MAZED/Content/Assets/Hospital/AboveBed/AboveBed_Equipment/AboveBedEquipment_AboveBedEquipment_BaseColor.uasset" 843
"../../../../Projects/MAZED/Content/Assets/Hospital/AboveBed/AboveBed_Equipment/AboveBedEquipment_AboveBedEquipment_Normal.uasset" 844
"../../../../Projects/MAZED/Content/Assets/Hospital/AboveBed/AboveBed_Equipment/AboveBedEquipment_AboveBedEquipment_OcclusionRoughnessMetallic.uasset" 845
"../../../../Projects/MAZED/Content/Assets/Hospital/AboveBed/AboveBed_Equipment/Mat_ABE.uasset" 846
"../../../../Projects/MAZED/Content/Assets/Hospital/AboveBed/AboveBed_Equipment/AboveBedEquipment.uasset" 847
"../../../../Projects/MAZED/Content/Assets/Hospital/AboveBed/Mat_AboveBed_Lamp/AboveBed_Lamp_AboveBed_Lamp_BaseColor.uasset" 848
"../../../../Projects/MAZED/Content/Assets/Hospital/AboveBed/Mat_AboveBed_Lamp/AboveBed_Lamp_AboveBed_Lamp_OcclusionRoughnessMetallic.uasset" 849
"../../../../Projects/MAZED/Content/Assets/Hospital/AboveBed/Mat_AboveBed_Lamp/Mat_ABLamp.uasset" 850
"../../../../Projects/MAZED/Content/Assets/Hospital/AboveBed/Mat_AboveBed_Lamp/AboveBed_Lamp_aboveBedEquipment01.uasset" 851
"../../../../Projects/MAZED/Content/Assets/Hospital/AboveBed/Mat_AboveBed_Lamp/AboveBed_Lamp_aboveBedEquipment02.uasset" 852
"../../../../Projects/MAZED/Content/Assets/Hospital/AboveBed/Mat_AboveBed_Lamp/AboveBed_Lamp_aboveBedEquipment03.uasset" 853
"../../../../Projects/MAZED/Content/Assets/Hospital/Curtains/35Curtain_New.uasset" 854
"../../../../Projects/MAZED/Content/Assets/Hospital/Curtains/80Curtain_New.uasset" 855
"../../../../Projects/MAZED/Content/Assets/Hospital/Door/LeftWall_Hospital_Door_HospitalDoor_BaseColor.uasset" 856
"../../../../Projects/MAZED/Content/Assets/Hospital/Door/LeftWall_Hospital_Door_HospitalDoor_Normal.uasset" 857
"../../../../Projects/MAZED/Content/Assets/Hospital/Door/LeftWall_Hospital_Door_HospitalDoor_OcclusionRoughnessMetallic.uasset" 858
"../../../../Projects/MAZED/Content/Assets/Hospital/Door/Mat_Door.uasset" 859
"../../../../Projects/MAZED/Content/Assets/Hospital/Door/LeftWall_Hospital_Door.uasset" 860
"../../../../Projects/MAZED/Content/Assets/Hospital/Floor/Floor_Hospital_Floor_BaseColor.uasset" 861
"../../../../Projects/MAZED/Content/Assets/Hospital/Floor/Floor_Hospital_Floor_Normal.uasset" 862
"../../../../Projects/MAZED/Content/Assets/Hospital/Floor/Floor_Hospital_Floor_OcclusionRoughnessMetallic.uasset" 863
"../../../../Projects/MAZED/Content/Assets/Hospital/Floor/Mat_Floor.uasset" 864
"../../../../Projects/MAZED/Content/Assets/Hospital/Floor/Floor.uasset" 865
"../../../../Projects/MAZED/Content/Assets/Hospital/HeartRate_Monitor/HeartRateMonitor_HRM_Body_BaseColor.uasset" 866
"../../../../Projects/MAZED/Content/Assets/Hospital/HeartRate_Monitor/HeartRateMonitor_HRM_Body_Normal.uasset" 867
"../../../../Projects/MAZED/Content/Assets/Hospital/HeartRate_Monitor/HeartRateMonitor_HRM_Body_OcclusionRoughnessMetallic.uasset" 868
"../../../../Projects/MAZED/Content/Assets/Hospital/HeartRate_Monitor/HeartRateMonitor_Mat.uasset" 869
"../../../../Projects/MAZED/Content/Assets/Hospital/HeartRate_Monitor/HeartRateMonitor.uasset" 870
"../../../../Projects/MAZED/Content/Assets/Hospital/LeftWall/LeftWall_Hospital_New_LeftWall_Hospital_New_BaseColor.uasset" 871
"../../../../Projects/MAZED/Content/Assets/Hospital/LeftWall/LeftWall_Hospital_New_LeftWall_Hospital_New_Normal.uasset" 872
"../../../../Projects/MAZED/Content/Assets/Hospital/LeftWall/LeftWall_Hospital_New_LeftWall_Hospital_New_OcclusionRoughnessMetallic.uasset" 873
"../../../../Projects/MAZED/Content/Assets/Hospital/LeftWall/Mat_LeftWall_Hospital.uasset" 874
"../../../../Projects/MAZED/Content/Assets/Hospital/LeftWall/LeftWall_Hospital_New.uasset" 875
"../../../../Projects/MAZED/Content/Assets/Hospital/Oxigen_Mask/Mask_Oxigen_Mask_BaseColor.uasset" 876
"../../../../Projects/MAZED/Content/Assets/Hospital/Oxigen_Mask/Mask_Oxigen_Mask_Normal.uasset" 877
"../../../../Projects/MAZED/Content/Assets/Hospital/Oxigen_Mask/Mask_Oxigen_Mask_OcclusionRoughnessMetallic.uasset" 878
"../../../../Projects/MAZED/Content/Assets/Hospital/Oxigen_Mask/Mask_Mat.uasset" 879
"../../../../Projects/MAZED/Content/Assets/Hospital/Oxigen_Mask/Mask.uasset" 880
"../../../../Projects/MAZED/Content/Assets/Hospital/PlayerBed/starting_player_bed_starting_player_bed_BaseColor.uasset" 881
"../../../../Projects/MAZED/Content/Assets/Hospital/PlayerBed/starting_player_bed_starting_player_bed_Normal.uasset" 882
"../../../../Projects/MAZED/Content/Assets/Hospital/PlayerBed/starting_player_bed_starting_player_bed_OcclusionRoughnessMetallic.uasset" 883
"../../../../Projects/MAZED/Content/Assets/Hospital/PlayerBed/Bed_Mat.uasset" 884
"../../../../Projects/MAZED/Content/Assets/Hospital/PlayerBed/starting_player_bed.uasset" 885
"../../../../Projects/MAZED/Content/Assets/Hospital/RightWall/RightWall_Hospital_New_RightWall_Hospital_New_BaseColor.uasset" 886
"../../../../Projects/MAZED/Content/Assets/Hospital/RightWall/RightWall_Hospital_New_RightWall_Hospital_New_Normal.uasset" 887
"../../../../Projects/MAZED/Content/Assets/Hospital/RightWall/RightWall_Hospital_New_RightWall_Hospital_New_OcclusionRoughnessMetallic.uasset" 888
"../../../../Projects/MAZED/Content/Assets/Hospital/RightWall/Mat_RightWall_hospital.uasset" 889
"../../../../Projects/MAZED/Content/Assets/Hospital/RightWall/RightWall_Hospital_New.uasset" 890
"../../../../Projects/MAZED/Content/Assets/Hospital/Roofing/Bend/Roof_Bent_WallAttached_Roof_Bent_WallAttached_BaseColor.uasset" 891
"../../../../Projects/MAZED/Content/Assets/Hospital/Roofing/Bend/Roof_Bent_WallAttached_Roof_Bent_WallAttached_Normal.uasset" 892
"../../../../Projects/MAZED/Content/Assets/Hospital/Roofing/Bend/Roof_Bent_WallAttached_Roof_Bent_WallAttached_OcclusionRoughnessMetallic.uasset" 893
"../../../../Projects/MAZED/Content/Assets/Hospital/Roofing/Bend/Mat_Roof_Bent.uasset" 894
"../../../../Projects/MAZED/Content/Assets/Hospital/Roofing/Bend/Roof_Bent_WallAttached.uasset" 895
"../../../../Projects/MAZED/Content/Assets/Hospital/Roofing/Flat/Roof_Flat_WallAttached_Roof_Flat_WallAttached_BaseColor.uasset" 896
"../../../../Projects/MAZED/Content/Assets/Hospital/Roofing/Flat/Roof_Flat_WallAttached_Roof_Flat_WallAttached_Normal.uasset" 897
"../../../../Projects/MAZED/Content/Assets/Hospital/Roofing/Flat/Roof_Flat_WallAttached_Roof_Flat_WallAttached_OcclusionRoughnessMetallic.uasset" 898
"../../../../Projects/MAZED/Content/Assets/Hospital/Roofing/Flat/Mat_Roof_Flat.uasset" 899
"../../../../Projects/MAZED/Content/Assets/Hospital/Roofing/Flat/Roof_Flat_WallAttachedLip.uasset" 900
"../../../../Projects/MAZED/Content/Assets/Hospital/Scene/Bed_SideCabinate/Bed_Side_Cabinate_Bed_Side_Cabinate_BaseColor.uasset" 901
"../../../../Projects/MAZED/Content/Assets/Hospital/Scene/Bed_SideCabinate/Bed_Side_Cabinate_Bed_Side_Cabinate_Normal.uasset" 902
"../../../../Projects/MAZED/Content/Assets/Hospital/Scene/Bed_SideCabinate/Bed_Side_Cabinate_Bed_Side_Cabinate_OcclusionRoughnessMetallic.uasset" 903
"../../../../Projects/MAZED/Content/Assets/Hospital/Scene/Bed_SideCabinate/Mat_Bed_Side_Cabinate.uasset" 904
"../../../../Projects/MAZED/Content/Assets/Hospital/Scene/Bed_SideCabinate/Bed_Side_Cabinate.uasset" 905
"../../../../Projects/MAZED/Content/Assets/Hospital/Scene/Chair/chair_Chair_BaseColor.uasset" 906
"../../../../Projects/MAZED/Content/Assets/Hospital/Scene/Chair/chair_Chair_Normal.uasset" 907
"../../../../Projects/MAZED/Content/Assets/Hospital/Scene/Chair/chair_Chair_OcclusionRoughnessMetallic.uasset" 908
"../../../../Projects/MAZED/Content/Assets/Hospital/Scene/Chair/Mat_Chair.uasset" 909
"../../../../Projects/MAZED/Content/Assets/Hospital/Scene/Chair/Chair_New.uasset" 910
"../../../../Projects/MAZED/Content/Assets/Hospital/Scene/Cubard/cubard_New_Curbard_BaseColor.uasset" 911
"../../../../Projects/MAZED/Content/Assets/Hospital/Scene/Cubard/cubard_New_Curbard_Normal.uasset" 912
"../../../../Projects/MAZED/Content/Assets/Hospital/Scene/Cubard/cubard_New_Curbard_OcclusionRoughnessMetallic.uasset" 913
"../../../../Projects/MAZED/Content/Assets/Hospital/Scene/Cubard/Mat_Cubard.uasset" 914
"../../../../Projects/MAZED/Content/Assets/Hospital/Scene/Cubard/cubard_New.uasset" 915
"../../../../Projects/MAZED/Content/Assets/Hospital/Scene/Office_Phone/Office_Phone_Office_Phone_BaseColor.uasset" 916
"../../../../Projects/MAZED/Content/Assets/Hospital/Scene/Office_Phone/Office_Phone_Office_Phone_Normal.uasset" 917
"../../../../Projects/MAZED/Content/Assets/Hospital/Scene/Office_Phone/Office_Phone_Office_Phone_OcclusionRoughnessMetallic.uasset" 918
"../../../../Projects/MAZED/Content/Assets/Hospital/Scene/Office_Phone/Mat_Office_Phone.uasset" 919
"../../../../Projects/MAZED/Content/Assets/Hospital/Scene/Office_Phone/Office_Phone.uasset" 920
"../../../../Projects/MAZED/Content/Assets/Hospital/Scene/OverTheBedTable/OverBedTable_OverBedTable_BaseColor.uasset" 921
"../../../../Projects/MAZED/Content/Assets/Hospital/Scene/OverTheBedTable/OverBedTable_OverBedTable_Normal.uasset" 922
"../../../../Projects/MAZED/Content/Assets/Hospital/Scene/OverTheBedTable/OverBedTable_OverBedTable_OcclusionRoughnessMetallic.uasset" 923
"../../../../Projects/MAZED/Content/Assets/Hospital/Scene/OverTheBedTable/Mat_OverBedTable.uasset" 924
"../../../../Projects/MAZED/Content/Assets/Hospital/Scene/OverTheBedTable/OverBedTable.uasset" 925
"../../../../Projects/MAZED/Content/Assets/Hospital/Scene/SM_IV_Stand/SM_IV_Stand_SM_IV_Stand_OcclusionRoughnessMetallic.uasset" 926
"../../../../Projects/MAZED/Content/Assets/Hospital/Scene/SM_IV_Stand/MAT_SM_IV_Stand.uasset" 927
"../../../../Projects/MAZED/Content/Assets/Hospital/Scene/SM_IV_Stand/SM_IV_Stand.uasset" 928
"../../../../Projects/MAZED/Content/Assets/Hospital/Window_wall_new/Window_Wall_New_Window_Wall_New_BaseColor.uasset" 929
"../../../../Projects/MAZED/Content/Assets/Hospital/Window_wall_new/Window_Wall_New_Window_Wall_New_Normal.uasset" 930
"../../../../Projects/MAZED/Content/Assets/Hospital/Window_wall_new/Window_Wall_New_Window_Wall_New_OcclusionRoughnessMetallic.uasset" 931
"../../../../Projects/MAZED/Content/Assets/Hospital/Window_wall_new/Mat_Window_wall.uasset" 932
"../../../../Projects/MAZED/Content/Assets/Hospital/Window_wall_new/Window_Wall_New.uasset" 933
"../../../../Projects/MAZED/Content/Assets/Hospital/Window_WallFrame_New.uasset" 934
"../../../../Projects/MAZED/Content/Maps/Hospital.umap" 935
"../../../../Projects/MAZED/Content/Assets/OptionsWheels/setting_Wheels_Handle__1_.uasset" 936
"../../../../Projects/MAZED/Content/Assets/OptionsWheels/setting_Wheels_Inner__1_.uasset" 937
"../../../../Projects/MAZED/Content/Assets/Handle.uasset" 938
"../../../../Projects/MAZED/Content/Assets/OptionsWheels/setting_Wheels_Cylinder003.uasset" 939
"../../../../Projects/MAZED/Content/Assets/OptionsWheels/setting_Wheels_Cylinder004.uasset" 940
"../../../../Projects/MAZED/Content/Maps/Options.umap" 941
"../../../../Projects/MAZED/Content/Assets/Title/2nd/Mazed_Under_Skeleton_Sequence.uasset" 942
"../../../../Projects/MAZED/Content/Maps/Start.umap" 943
"../../../../Projects/MAZED/Content/Assets/MirrorMat.uasset" 944
"../../../../Projects/MAZED/Content/Maps/Test_Level.umap" 945
"../../../Engine/Content/EngineSky/C_Sky_Cloud_Color.uasset" 946
"../../../Engine/Content/EngineSky/C_Sky_Horizon_Color.uasset" 947
"../../../Engine/Content/EngineSky/C_Sky_Zenith_Color.uasset" 948
"../../../Engine/Content/EngineSky/BP_Sky_Sphere.uasset" 949
"../../../../Projects/MAZED/Content/AdvancedDissolveFX/Curves/GraDis_Ca.uasset" 950
"../../../../Projects/MAZED/Content/AdvancedDissolveFX/Curves/GraDis_Cb.uasset" 951
"../../../../Projects/MAZED/Content/AdvancedDissolveFX/Curves/GraDis_Cc.uasset" 952
"../../../../Projects/MAZED/Content/AdvancedDissolveFX/MaterialParameterCollections/MPC_Gradient_dissolve_CA.uasset" 953
"../../../../Projects/MAZED/Content/AdvancedDissolveFX/MaterialParameterCollections/MPC_Gradient_dissolve_CA2.uasset" 954
"../../../../Projects/MAZED/Content/AdvancedDissolveFX/Blueprints/BP_animate_params.uasset" 955
"../../../../Projects/MAZED/Content/AdvancedDissolveFX/MaterialParameterCollections/MPC_Cylindrical_dissolve.uasset" 956
"../../../../Projects/MAZED/Content/AdvancedDissolveFX/Materials/M_Helper_cylinder.uasset" 957
"../../../../Projects/MAZED/Content/AdvancedDissolveFX/Materials/M_Helper_cylinder_Inst.uasset" 958
"../../../../Projects/MAZED/Content/AdvancedDissolveFX/Meshes/SM_Cylinder_50.uasset" 959
"../../../../Projects/MAZED/Content/AdvancedDissolveFX/Blueprints/BP_Cylindrical_dissolve_helper.uasset" 960
"../../../../Projects/MAZED/Content/AdvancedDissolveFX/MaterialParameterCollections/MPC_Planar_dissolve.uasset" 961
"../../../../Projects/MAZED/Content/AdvancedDissolveFX/Materials/M_Helper_plane.uasset" 962
"../../../../Projects/MAZED/Content/AdvancedDissolveFX/Materials/M_Helper_plane_Inst.uasset" 963
"../../../../Projects/MAZED/Content/AdvancedDissolveFX/Meshes/SM_Square_50.uasset" 964
"../../../../Projects/MAZED/Content/AdvancedDissolveFX/Blueprints/BP_Planar_dissolve_helper.uasset" 965
"../../../../Projects/MAZED/Content/AdvancedDissolveFX/Materials/M_Floor.uasset" 966
"../../../../Projects/MAZED/Content/AdvancedDissolveFX/MaterialFunctions/MF_point_line_distance.uasset" 967
"../../../../Projects/MAZED/Content/AdvancedDissolveFX/MaterialFunctions/MF_Cylindrical_dissolve.uasset" 968
"../../../../Projects/MAZED/Content/AdvancedDissolveFX/Materials/M_Cylindrical_dissolve.uasset" 969
"../../../../Projects/MAZED/Content/AdvancedDissolveFX/Materials/M_Cylindrical_dissolve_Inst.uasset" 970
"../../../Engine/Content/Functions/Engine_MaterialFunctions02/Utility/BreakOutFloat3Components.uasset" 971
"../../../Engine/Content/Functions/Engine_MaterialFunctions02/Utility/BreakOutFloat4Components.uasset" 972
"../../../Engine/Content/Functions/Engine_MaterialFunctions02/Utility/VectorToRadialValue.uasset" 973
"../../../../Projects/MAZED/Content/AdvancedDissolveFX/MaterialFunctions/MF_Gradient_dissolve.uasset" 974
"../../../../Projects/MAZED/Content/AdvancedDissolveFX/MaterialFunctions/MF_point_plane_distance.uasset" 975
"../../../../Projects/MAZED/Content/AdvancedDissolveFX/MaterialFunctions/MF_Planar_dissolve.uasset" 976
"../../../../Projects/MAZED/Content/AdvancedDissolveFX/Materials/M_Gra_Pla_dissolve.uasset" 977
"../../../../Projects/MAZED/Content/AdvancedDissolveFX/Materials/M_Gra_Pla_dissolve_Inst.uasset" 978
"../../../../Projects/MAZED/Content/AdvancedDissolveFX/Materials/M_Gradient_dissolve.uasset" 979
"../../../../Projects/MAZED/Content/AdvancedDissolveFX/Materials/M_Gradient_dissolve_Inst.uasset" 980
"../../../../Projects/MAZED/Content/AdvancedDissolveFX/Materials/M_Masked_Cylindrical_dissolve.uasset" 981
"../../../../Projects/MAZED/Content/AdvancedDissolveFX/Materials/M_Masked_Cylindrical_dissolve_Inst.uasset" 982
"../../../../Projects/MAZED/Content/AdvancedDissolveFX/Materials/M_Masked_Gra_Pla_dissolve.uasset" 983
"../../../../Projects/MAZED/Content/AdvancedDissolveFX/Materials/M_Masked_Gra_Pla_dissolve_Inst.uasset" 984
"../../../../Projects/MAZED/Content/AdvancedDissolveFX/Materials/M_Masked_Gradient_dissolve.uasset" 985
"../../../../Projects/MAZED/Content/AdvancedDissolveFX/Materials/M_Masked_Gradient_dissolve_Inst.uasset" 986
"../../../../Projects/MAZED/Content/AdvancedDissolveFX/Materials/M_Masked_Planar_dissolve.uasset" 987
"../../../../Projects/MAZED/Content/AdvancedDissolveFX/Materials/M_Masked_Planar_dissolve_Inst.uasset" 988
"../../../../Projects/MAZED/Content/AdvancedDissolveFX/MaterialFunctions/MF_Simple_dissolve.uasset" 989
"../../../../Projects/MAZED/Content/AdvancedDissolveFX/Materials/M_Masked_Simple_dissolve.uasset" 990
"../../../../Projects/MAZED/Content/AdvancedDissolveFX/Materials/M_Masked_Simple_dissolve_Inst.uasset" 991
"../../../../Projects/MAZED/Content/AdvancedDissolveFX/Materials/M_Masked_Spherical_dissolve.uasset" 992
"../../../../Projects/MAZED/Content/AdvancedDissolveFX/Materials/M_Masked_Spherical_dissolve_Inst.uasset" 993
"../../../../Projects/MAZED/Content/AdvancedDissolveFX/Materials/M_Planar_dissolve.uasset" 994
"../../../../Projects/MAZED/Content/AdvancedDissolveFX/Materials/M_Planar_dissolve_Inst.uasset" 995
"../../../../Projects/MAZED/Content/AdvancedDissolveFX/Materials/M_Simple_dissolve.uasset" 996
"../../../../Projects/MAZED/Content/AdvancedDissolveFX/Materials/M_Simple_dissolve_Inst.uasset" 997
"../../../../Projects/MAZED/Content/AdvancedDissolveFX/Materials/M_Simple_material_transition.uasset" 998
"../../../../Projects/MAZED/Content/AdvancedDissolveFX/Materials/M_Simple_material_transition_Inst.uasset" 999
"../../../../Projects/MAZED/Content/AdvancedDissolveFX/Materials/M_Spherical_dissolve.uasset" 1000
"../../../../Projects/MAZED/Content/AdvancedDissolveFX/Materials/M_Spherical_dissolve_Inst.uasset" 1001
"../../../../Projects/MAZED/Content/AdvancedDissolveFX/Materials/M_Translucent_Cylindrical_dissolve.uasset" 1002
"../../../../Projects/MAZED/Content/AdvancedDissolveFX/Materials/M_Translucent_Cylindrical_dissolve_Inst.uasset" 1003
"../../../../Projects/MAZED/Content/AdvancedDissolveFX/Materials/M_Translucent_Gra_Pla_dissolve.uasset" 1004
"../../../../Projects/MAZED/Content/AdvancedDissolveFX/Materials/M_Translucent_Gra_Pla_dissolve_Inst.uasset" 1005
"../../../../Projects/MAZED/Content/AdvancedDissolveFX/Materials/M_Translucent_Gradient_dissolve.uasset" 1006
"../../../../Projects/MAZED/Content/AdvancedDissolveFX/Materials/M_Translucent_Gradient_dissolve_Inst.uasset" 1007
"../../../../Projects/MAZED/Content/AdvancedDissolveFX/Materials/M_Translucent_Planar_dissolve.uasset" 1008
"../../../../Projects/MAZED/Content/AdvancedDissolveFX/Materials/M_Translucent_Planar_dissolve_Inst.uasset" 1009
"../../../../Projects/MAZED/Content/AdvancedDissolveFX/Materials/M_Translucent_Simple_dissolve.uasset" 1010
"../../../../Projects/MAZED/Content/AdvancedDissolveFX/Materials/M_Translucent_Simple_dissolve_Inst.uasset" 1011
"../../../../Projects/MAZED/Content/AdvancedDissolveFX/Materials/M_Translucent_Spherical_dissolve.uasset" 1012
"../../../../Projects/MAZED/Content/AdvancedDissolveFX/Materials/M_Translucent_Spherical_dissolve_Inst.uasset" 1013
"../../../../Projects/MAZED/Content/AdvancedDissolveFX/MaterialFunctions/MF_Gradient_dissolve_ANIM.uasset" 1014
"../../../../Projects/MAZED/Content/AdvancedDissolveFX/Materials/MTL_text.uasset" 1015
"../../../../Projects/MAZED/Content/AdvancedDissolveFX/Materials/MTL_text_Inst2.uasset" 1016
"../../../../Projects/MAZED/Content/AdvancedDissolveFX/Textures/Dissolve_masks_02.uasset" 1017
"../../../../Projects/MAZED/Content/AdvancedDissolveFX/Materials/MTL_text_Inst3.uasset" 1018
"../../../Engine/Content/MapTemplates/SM_Template_Map_Floor.uasset" 1019
"../../../../Projects/MAZED/Content/AdvancedDissolveFX/Meshes/gradient_mesh.uasset" 1020
"../../../../Projects/MAZED/Content/AdvancedDissolveFX/Materials/MTL_text_Inst.uasset" 1021
"../../../../Projects/MAZED/Content/AdvancedDissolveFX/Meshes/textmesh.uasset" 1022
"../../../../Projects/MAZED/Content/AdvancedDissolveFX/AdvancedDissolveFX.umap" 1023
"../../../../Projects/MAZED/Content/DirectionalGravity/Blueprints/DirectionalGravityGameMode.uasset" 1024
"../../../../Projects/MAZED/Content/DirectionalGravity/Maps/DemoMap_BuiltData.uasset" 1025
"../../../Engine/Content/Functions/Engine_MaterialFunctions01/Gradient/LinearGradient.uasset" 1026
"../../../Engine/Content/Functions/Engine_MaterialFunctions01/ImageAdjustment/CheapContrast.uasset" 1027
"../../../Engine/Content/Functions/Engine_MaterialFunctions01/Texturing/WorldAlignedTexture.uasset" 1028
"../../../Engine/Content/Functions/Engine_MaterialFunctions02/Utility/VectorLength.uasset" 1029
"../../../Engine/Content/Functions/Engine_MaterialFunctions02/WorldPositionOffset/ObjectScale.uasset" 1030
"../../../../Projects/MAZED/Content/DirectionalGravity/Textures/T_Grid.uasset" 1031
"../../../../Projects/MAZED/Content/DirectionalGravity/Materials/M_Grid.uasset" 1032
"../../../../Projects/MAZED/Content/DirectionalGravity/Materials/M_GridFloor1.uasset" 1033
"../../../../Projects/MAZED/Content/DirectionalGravity/Materials/M_GridFloor2.uasset" 1034
"../../../../Projects/MAZED/Content/DirectionalGravity/Materials/M_GridWall.uasset" 1035
"../../../../Projects/MAZED/Content/DirectionalGravity/Meshes/SM_Hemisphere.uasset" 1036
"../../../../Projects/MAZED/Content/DirectionalGravity/Meshes/SM_Planet.uasset" 1037
"../../../../Projects/MAZED/Content/DirectionalGravity/Maps/DemoMap.umap" 1038
"../../../../Projects/MAZED/Content/EasySave/emptyMap.umap" 1039
"../../../../Projects/MAZED/Content/EasySave/testLevel.umap" 1040
"../../../Engine/Content/Maps/Entry_BuiltData.uasset" 1041
"../../../Engine/Content/Maps/Entry.umap" 1042
